2025-05-22 16:16:35 [http-nio-8080-exec-7] DEBUG o.s.web.servlet.DispatcherServlet - GET "/admin/residences/api?page=0&size=10", parameters={masked}
2025-05-22 16:16:35 [http-nio-8080-exec-7] TRACE o.s.w.s.m.m.a.RequestMappingHandlerMapping - Mapped to com.example.society.admin.controller.AdminResidenceController#getFilteredResidences(String, String, String, String, Pageable)
2025-05-22 16:16:35 [http-nio-8080-exec-7] DEBUG o.s.w.s.m.m.a.HttpEntityMethodProcessor - Using 'application/json', given [*/*] and supported [application/json, application/*+json]
2025-05-22 16:16:35 [http-nio-8080-exec-7] DEBUG o.s.w.s.m.m.a.HttpEntityMethodProcessor - Writing [Page 1 of 1 containing com.example.society.dto.ResidenceDTO instances]
2025-05-22 16:16:35 [http-nio-8080-exec-7] DEBUG o.s.web.servlet.DispatcherServlet - Completed 200 OK
2025-05-22 16:16:48 [http-nio-8080-exec-9] DEBUG o.s.web.servlet.DispatcherServlet - GET "/admin/residences", parameters={}
2025-05-22 16:16:48 [http-nio-8080-exec-9] TRACE o.s.w.s.m.m.a.RequestMappingHandlerMapping - Mapped to com.example.society.admin.controller.AdminResidenceController#showResidenceListingPage()
2025-05-22 16:16:48 [http-nio-8080-exec-9] DEBUG o.s.w.s.v.ContentNegotiatingViewResolver - Selected 'text/html' given [text/html, application/xhtml+xml, image/avif, image/webp, image/apng, application/xml;q=0.9, */*;q=0.8, application/signed-exchange;v=b3;q=0.7]
2025-05-22 16:16:48 [http-nio-8080-exec-9] WARN  o.t.s.p.AbstractStandardFragmentInsertionTagProcessor - [THYMELEAF][http-nio-8080-exec-9][admin/includes/residence-list] Deprecated unwrapped fragment expression "admin/includes/footer :: footer" found in template admin/includes/residence-list, line 63, col 18. Please use the complete syntax of fragment expressions instead ("~{admin/includes/footer :: footer}"). The old, unwrapped syntax for fragment expressions will be removed in future versions of Thymeleaf.
2025-05-22 16:16:48 [http-nio-8080-exec-9] DEBUG o.s.web.servlet.DispatcherServlet - Completed 200 OK
2025-05-22 16:16:48 [http-nio-8080-exec-10] DEBUG o.s.web.servlet.DispatcherServlet - GET "/images/ananta_logo.png", parameters={}
2025-05-22 16:16:48 [http-nio-8080-exec-10] DEBUG o.s.w.s.h.SimpleUrlHandlerMapping - Mapped to ResourceHttpRequestHandler [classpath [META-INF/resources/], classpath [resources/], classpath [static/], classpath [public/], ServletContext [/]]
2025-05-22 16:16:48 [http-nio-8080-exec-10] DEBUG o.s.web.servlet.DispatcherServlet - Completed 200 OK
2025-05-22 16:16:48 [http-nio-8080-exec-1] TRACE o.s.w.s.m.m.a.RequestMappingHandlerMapping - 2 matching mappings: [{ [/error]}, { [/error], produces [text/html]}]
2025-05-22 16:16:48 [http-nio-8080-exec-2] DEBUG o.s.web.servlet.DispatcherServlet - GET "/images/ananta_logo.png", parameters={}
2025-05-22 16:16:48 [http-nio-8080-exec-2] DEBUG o.s.w.s.h.SimpleUrlHandlerMapping - Mapped to ResourceHttpRequestHandler [classpath [META-INF/resources/], classpath [resources/], classpath [static/], classpath [public/], ServletContext [/]]
2025-05-22 16:16:48 [http-nio-8080-exec-2] DEBUG o.s.web.servlet.DispatcherServlet - Completed 200 OK
2025-05-22 16:16:48 [http-nio-8080-exec-3] DEBUG o.s.web.servlet.DispatcherServlet - GET "/admin/residences/api?page=1&size=10", parameters={masked}
2025-05-22 16:16:48 [http-nio-8080-exec-3] TRACE o.s.w.s.m.m.a.RequestMappingHandlerMapping - Mapped to com.example.society.admin.controller.AdminResidenceController#getFilteredResidences(String, String, String, String, Pageable)
2025-05-22 16:16:48 [http-nio-8080-exec-3] DEBUG o.s.w.s.m.m.a.HttpEntityMethodProcessor - Using 'application/json', given [*/*] and supported [application/json, application/*+json]
2025-05-22 16:16:48 [http-nio-8080-exec-3] DEBUG o.s.w.s.m.m.a.HttpEntityMethodProcessor - Writing [Page 2 of 1 containing UNKNOWN instances]
2025-05-22 16:16:48 [http-nio-8080-exec-3] DEBUG o.s.web.servlet.DispatcherServlet - Completed 200 OK
2025-05-22 16:16:59 [http-nio-8080-exec-4] DEBUG o.s.web.servlet.DispatcherServlet - GET "/admin/residences/api?page=1&size=10", parameters={masked}
2025-05-22 16:16:59 [http-nio-8080-exec-4] TRACE o.s.w.s.m.m.a.RequestMappingHandlerMapping - Mapped to com.example.society.admin.controller.AdminResidenceController#getFilteredResidences(String, String, String, String, Pageable)
2025-05-22 16:16:59 [http-nio-8080-exec-4] DEBUG o.s.w.s.m.m.a.HttpEntityMethodProcessor - Using 'application/json', given [*/*] and supported [application/json, application/*+json]
2025-05-22 16:16:59 [http-nio-8080-exec-4] DEBUG o.s.w.s.m.m.a.HttpEntityMethodProcessor - Writing [Page 2 of 1 containing UNKNOWN instances]
2025-05-22 16:16:59 [http-nio-8080-exec-4] DEBUG o.s.web.servlet.DispatcherServlet - Completed 200 OK
2025-05-22 16:21:17 [SpringApplicationShutdownHook] INFO  o.s.b.w.e.tomcat.GracefulShutdown - Commencing graceful shutdown. Waiting for active requests to complete
2025-05-22 16:21:17 [tomcat-shutdown] INFO  o.s.b.w.e.tomcat.GracefulShutdown - Graceful shutdown complete
2025-05-22 16:21:17 [SpringApplicationShutdownHook] INFO  o.s.o.j.LocalContainerEntityManagerFactoryBean - Closing JPA EntityManagerFactory for persistence unit 'default'
2025-05-22 16:21:17 [SpringApplicationShutdownHook] INFO  com.zaxxer.hikari.HikariDataSource - HikariPool-1 - Shutdown initiated...
2025-05-22 16:21:17 [SpringApplicationShutdownHook] INFO  com.zaxxer.hikari.HikariDataSource - HikariPool-1 - Shutdown completed.
2025-05-22 16:21:22 [background-preinit] INFO  o.h.validator.internal.util.Version - HV000001: Hibernate Validator 8.0.2.Final
2025-05-22 16:21:22 [restartedMain] INFO  c.example.society.SocietyApplication - Starting SocietyApplication using Java 21.0.7 with PID 1428177 (/var/www/html/society/target/classes started by basanta.swain in /var/www/html/society)
2025-05-22 16:21:22 [restartedMain] DEBUG c.example.society.SocietyApplication - Running with Spring Boot v3.4.4, Spring v6.2.5
2025-05-22 16:21:22 [restartedMain] INFO  c.example.society.SocietyApplication - No active profile set, falling back to 1 default profile: "default"
2025-05-22 16:21:22 [restartedMain] INFO  o.s.b.d.e.DevToolsPropertyDefaultsPostProcessor - Devtools property defaults active! Set 'spring.devtools.add-properties' to 'false' to disable
2025-05-22 16:21:22 [restartedMain] INFO  o.s.b.d.e.DevToolsPropertyDefaultsPostProcessor - For additional web related logging consider setting the 'logging.level.web' property to 'DEBUG'
2025-05-22 16:21:23 [restartedMain] INFO  o.s.d.r.c.RepositoryConfigurationDelegate - Bootstrapping Spring Data JPA repositories in DEFAULT mode.
2025-05-22 16:21:23 [restartedMain] INFO  o.s.d.r.c.RepositoryConfigurationDelegate - Finished Spring Data repository scanning in 32 ms. Found 7 JPA repository interfaces.
2025-05-22 16:21:23 [restartedMain] INFO  o.s.b.w.e.tomcat.TomcatWebServer - Tomcat initialized with port 8080 (http)
2025-05-22 16:21:23 [restartedMain] INFO  o.a.coyote.http11.Http11NioProtocol - Initializing ProtocolHandler ["http-nio-8080"]
2025-05-22 16:21:23 [restartedMain] INFO  o.a.catalina.core.StandardService - Starting service [Tomcat]
2025-05-22 16:21:23 [restartedMain] INFO  o.a.catalina.core.StandardEngine - Starting Servlet engine: [Apache Tomcat/10.1.39]
2025-05-22 16:21:23 [restartedMain] INFO  o.a.c.c.C.[Tomcat].[localhost].[/] - Initializing Spring embedded WebApplicationContext
2025-05-22 16:21:23 [restartedMain] INFO  o.s.b.w.s.c.ServletWebServerApplicationContext - Root WebApplicationContext: initialization completed in 678 ms
2025-05-22 16:21:23 [restartedMain] DEBUG c.e.s.jwt.JwtAuthenticationFilter - Filter 'jwtAuthenticationFilter' configured for use
2025-05-22 16:21:23 [restartedMain] INFO  o.h.jpa.internal.util.LogHelper - HHH000204: Processing PersistenceUnitInfo [name: default]
2025-05-22 16:21:23 [restartedMain] INFO  org.hibernate.Version - HHH000412: Hibernate ORM core version 6.6.11.Final
2025-05-22 16:21:23 [restartedMain] INFO  o.h.c.i.RegionFactoryInitiator - HHH000026: Second-level cache disabled
2025-05-22 16:21:23 [restartedMain] INFO  o.s.o.j.p.SpringPersistenceUnitInfo - No LoadTimeWeaver setup: ignoring JPA class transformer
2025-05-22 16:21:23 [restartedMain] INFO  com.zaxxer.hikari.HikariDataSource - HikariPool-1 - Starting...
2025-05-22 16:21:23 [restartedMain] INFO  com.zaxxer.hikari.pool.HikariPool - HikariPool-1 - Added connection com.mysql.cj.jdbc.ConnectionImpl@1abf34ce
2025-05-22 16:21:23 [restartedMain] INFO  com.zaxxer.hikari.HikariDataSource - HikariPool-1 - Start completed.
2025-05-22 16:21:23 [restartedMain] WARN  org.hibernate.orm.deprecation - HHH90000025: MySQL8Dialect does not need to be specified explicitly using 'hibernate.dialect' (remove the property setting and it will be selected by default)
2025-05-22 16:21:23 [restartedMain] WARN  org.hibernate.orm.deprecation - HHH90000026: MySQL8Dialect has been deprecated; use org.hibernate.dialect.MySQLDialect instead
2025-05-22 16:21:23 [restartedMain] INFO  o.hibernate.orm.connections.pooling - HHH10001005: Database info:
	Database JDBC URL [Connecting through datasource 'HikariDataSource (HikariPool-1)']
	Database driver: undefined/unknown
	Database version: 8.0
	Autocommit mode: undefined/unknown
	Isolation level: undefined/unknown
	Minimum pool size: undefined/unknown
	Maximum pool size: undefined/unknown
2025-05-22 16:21:24 [restartedMain] INFO  o.h.e.t.j.p.i.JtaPlatformInitiator - HHH000489: No JTA platform available (set 'hibernate.transaction.jta.platform' to enable JTA platform integration)
2025-05-22 16:21:24 [restartedMain] INFO  o.s.o.j.LocalContainerEntityManagerFactoryBean - Initialized JPA EntityManagerFactory for persistence unit 'default'
2025-05-22 16:21:24 [restartedMain] WARN  o.s.b.a.o.j.JpaBaseConfiguration$JpaWebConfiguration - spring.jpa.open-in-view is enabled by default. Therefore, database queries may be performed during view rendering. Explicitly configure spring.jpa.open-in-view to disable this warning
2025-05-22 16:21:24 [restartedMain] TRACE o.s.w.s.m.m.a.RequestMappingHandlerMapping - 
	c.e.s.a.c.AdminAuthController:
	{POST [/api/admin/logout]}: logout(HttpServletRequest)
	{POST [/api/admin/login]}: login(LoginRequest)
	{POST [/api/admin/register-subadmin]}: registerSubAdmin(SubAdminRegisterRequest)
2025-05-22 16:21:24 [restartedMain] TRACE o.s.w.s.m.m.a.RequestMappingHandlerMapping - 
	c.e.s.a.c.AdminResidenceController:
	{GET [/admin/residences]}: showResidenceListingPage()
	{GET [/admin/residences/api]}: getFilteredResidences(String,String,String,String,Pageable)
2025-05-22 16:21:24 [restartedMain] TRACE o.s.w.s.m.m.a.RequestMappingHandlerMapping - 
	c.e.s.a.c.AdminViewController:
	{GET [/admin/login]}: loginPage()
	{GET [/admin/dashboard]}: dashboardPage()
	{GET [/admin/visitors]}: visitorListingPage()
2025-05-22 16:21:24 [restartedMain] TRACE o.s.w.s.m.m.a.RequestMappingHandlerMapping - 
	c.e.s.a.c.AdminVisitorController:
	{GET [/api/admin/visitors]}: getAllVisitors(String,int)
2025-05-22 16:21:24 [restartedMain] TRACE o.s.w.s.m.m.a.RequestMappingHandlerMapping - 
	c.e.s.c.AuthController:
	{POST [/auth/send-otp]}: sendOtp(Map)
	{POST [/auth/register-resident]}: registerResident(ResidenceRegisterRequest)
	{POST [/auth/verify-otp]}: verifyOtp(OtpRequest)
	{POST [/auth/register]}: register(UserDto)
2025-05-22 16:21:24 [restartedMain] TRACE o.s.w.s.m.m.a.RequestMappingHandlerMapping - 
	c.e.s.c.JwtTestController:
	{GET [/api/test/generate]}: generateToken()
2025-05-22 16:21:24 [restartedMain] TRACE o.s.w.s.m.m.a.RequestMappingHandlerMapping - 
	c.e.s.c.OtpController:
	{GET [/user/send-otp]}: showSendOtpPage()
	{POST [/user/send-otp]}: handleSendOtp(String,Model)
2025-05-22 16:21:24 [restartedMain] TRACE o.s.w.s.m.m.a.RequestMappingHandlerMapping - 
	c.e.s.c.PingController:
	{GET [/ping]}: ping()
2025-05-22 16:21:24 [restartedMain] TRACE o.s.w.s.m.m.a.RequestMappingHandlerMapping - 
	c.e.s.c.ResidenceController:
	{GET [/api/residences]}: getResidences(int,int,String,String,String,String)
2025-05-22 16:21:24 [restartedMain] TRACE o.s.w.s.m.m.a.RequestMappingHandlerMapping - 
	c.e.s.c.VisitorController:
	{GET [/api/visitor]}: getVisitors(Long,String,String,String,String,ApproveStatus,int)
	{GET [/api/visitor/approve]}: approveVisitor(String)
2025-05-22 16:21:24 [restartedMain] TRACE o.s.w.s.m.m.a.RequestMappingHandlerMapping - 
	c.e.s.g.c.GuestVisitController:
	{POST [/api/visitor/entry]}: recordGuestEntry(String,GuestVisitRequest,BindingResult)
	{PUT [/api/visitor/entry/{id}]}: editGuestEntry(String,Long,GuestVisitRequest)
	{GET [/api/visitor/test]}: test()
2025-05-22 16:21:24 [restartedMain] TRACE o.s.w.s.m.m.a.RequestMappingHandlerMapping - 
	o.s.b.a.w.s.e.BasicErrorController:
	{ [/error], produces [text/html]}: errorHtml(HttpServletRequest,HttpServletResponse)
	{ [/error]}: error(HttpServletRequest)
2025-05-22 16:21:24 [restartedMain] DEBUG o.s.w.s.m.m.a.RequestMappingHandlerMapping - 25 mappings in 'requestMappingHandlerMapping'
2025-05-22 16:21:24 [restartedMain] DEBUG o.s.w.s.h.SimpleUrlHandlerMapping - Patterns [/webjars/**, /**] in 'resourceHandlerMapping'
2025-05-22 16:21:24 [restartedMain] DEBUG o.s.w.s.m.m.a.RequestMappingHandlerAdapter - ControllerAdvice beans: 0 @ModelAttribute, 0 @InitBinder, 1 RequestBodyAdvice, 1 ResponseBodyAdvice
2025-05-22 16:21:24 [restartedMain] DEBUG o.s.w.s.m.m.a.ExceptionHandlerExceptionResolver - ControllerAdvice beans: 1 @ExceptionHandler, 1 ResponseBodyAdvice
2025-05-22 16:21:24 [restartedMain] INFO  o.s.b.d.a.OptionalLiveReloadServer - LiveReload server is running on port 35729
2025-05-22 16:21:24 [restartedMain] INFO  o.a.coyote.http11.Http11NioProtocol - Starting ProtocolHandler ["http-nio-8080"]
2025-05-22 16:21:24 [restartedMain] INFO  o.s.b.w.e.tomcat.TomcatWebServer - Tomcat started on port 8080 (http) with context path '/'
2025-05-22 16:21:24 [restartedMain] INFO  c.example.society.SocietyApplication - Started SocietyApplication in 2.521 seconds (process running for 2.696)
2025-05-22 16:21:27 [http-nio-8080-exec-1] INFO  o.a.c.c.C.[Tomcat].[localhost].[/] - Initializing Spring DispatcherServlet 'dispatcherServlet'
2025-05-22 16:21:27 [http-nio-8080-exec-1] INFO  o.s.web.servlet.DispatcherServlet - Initializing Servlet 'dispatcherServlet'
2025-05-22 16:21:27 [http-nio-8080-exec-1] DEBUG o.s.web.servlet.DispatcherServlet - Detected StandardServletMultipartResolver
2025-05-22 16:21:27 [http-nio-8080-exec-1] DEBUG o.s.web.servlet.DispatcherServlet - Detected AcceptHeaderLocaleResolver
2025-05-22 16:21:27 [http-nio-8080-exec-1] DEBUG o.s.web.servlet.DispatcherServlet - Detected FixedThemeResolver
2025-05-22 16:21:27 [http-nio-8080-exec-1] DEBUG o.s.web.servlet.DispatcherServlet - Detected org.springframework.web.servlet.view.DefaultRequestToViewNameTranslator@72989ee9
2025-05-22 16:21:27 [http-nio-8080-exec-1] DEBUG o.s.web.servlet.DispatcherServlet - Detected org.springframework.web.servlet.support.SessionFlashMapManager@27dd8f0c
2025-05-22 16:21:27 [http-nio-8080-exec-1] DEBUG o.s.web.servlet.DispatcherServlet - enableLoggingRequestDetails='false': request parameters and headers will be masked to prevent unsafe logging of potentially sensitive data
2025-05-22 16:21:27 [http-nio-8080-exec-1] INFO  o.s.web.servlet.DispatcherServlet - Completed initialization in 1 ms
2025-05-22 16:21:27 [http-nio-8080-exec-1] DEBUG o.s.web.servlet.DispatcherServlet - GET "/admin/residences", parameters={}
2025-05-22 16:21:27 [http-nio-8080-exec-1] TRACE o.s.w.s.m.m.a.RequestMappingHandlerMapping - Mapped to com.example.society.admin.controller.AdminResidenceController#showResidenceListingPage()
2025-05-22 16:21:27 [http-nio-8080-exec-1] DEBUG o.s.w.s.v.ContentNegotiatingViewResolver - Selected 'text/html' given [text/html, application/xhtml+xml, image/avif, image/webp, image/apng, application/xml;q=0.9, */*;q=0.8, application/signed-exchange;v=b3;q=0.7]
2025-05-22 16:21:27 [http-nio-8080-exec-1] WARN  o.t.s.p.AbstractStandardFragmentInsertionTagProcessor - [THYMELEAF][http-nio-8080-exec-1][admin/includes/residence-list] Deprecated unwrapped fragment expression "admin/includes/footer :: footer" found in template admin/includes/residence-list, line 61, col 14. Please use the complete syntax of fragment expressions instead ("~{admin/includes/footer :: footer}"). The old, unwrapped syntax for fragment expressions will be removed in future versions of Thymeleaf.
2025-05-22 16:21:27 [http-nio-8080-exec-1] DEBUG o.s.web.servlet.DispatcherServlet - Completed 200 OK
2025-05-22 16:21:27 [http-nio-8080-exec-2] DEBUG o.s.web.servlet.DispatcherServlet - GET "/images/ananta_logo.png", parameters={}
2025-05-22 16:21:27 [http-nio-8080-exec-2] DEBUG o.s.w.s.h.SimpleUrlHandlerMapping - Mapped to ResourceHttpRequestHandler [classpath [META-INF/resources/], classpath [resources/], classpath [static/], classpath [public/], ServletContext [/]]
2025-05-22 16:21:27 [http-nio-8080-exec-3] TRACE o.s.w.s.m.m.a.RequestMappingHandlerMapping - 2 matching mappings: [{ [/error]}, { [/error], produces [text/html]}]
2025-05-22 16:21:27 [http-nio-8080-exec-2] DEBUG o.s.web.servlet.DispatcherServlet - Completed 200 OK
2025-05-22 16:21:28 [http-nio-8080-exec-4] DEBUG o.s.web.servlet.DispatcherServlet - GET "/images/ananta_logo.png", parameters={}
2025-05-22 16:21:28 [http-nio-8080-exec-4] DEBUG o.s.w.s.h.SimpleUrlHandlerMapping - Mapped to ResourceHttpRequestHandler [classpath [META-INF/resources/], classpath [resources/], classpath [static/], classpath [public/], ServletContext [/]]
2025-05-22 16:21:28 [http-nio-8080-exec-4] DEBUG o.s.web.servlet.DispatcherServlet - Completed 200 OK
2025-05-22 16:21:28 [http-nio-8080-exec-6] DEBUG o.s.web.servlet.DispatcherServlet - GET "/favicon.ico", parameters={}
2025-05-22 16:21:28 [http-nio-8080-exec-6] DEBUG o.s.w.s.h.SimpleUrlHandlerMapping - Mapped to ResourceHttpRequestHandler [classpath [META-INF/resources/], classpath [resources/], classpath [static/], classpath [public/], ServletContext [/]]
2025-05-22 16:21:28 [http-nio-8080-exec-5] DEBUG o.s.web.servlet.DispatcherServlet - GET "/admin/residences/api?page=0&size=10", parameters={masked}
2025-05-22 16:21:28 [http-nio-8080-exec-5] TRACE o.s.w.s.m.m.a.RequestMappingHandlerMapping - Mapped to com.example.society.admin.controller.AdminResidenceController#getFilteredResidences(String, String, String, String, Pageable)
2025-05-22 16:21:28 [http-nio-8080-exec-6] DEBUG o.s.web.servlet.DispatcherServlet - Completed 200 OK
2025-05-22 16:21:28 [http-nio-8080-exec-5] WARN  o.s.d.w.c.SpringDataJacksonConfiguration$PageModule$WarningLoggingModifier - Serializing PageImpl instances as-is is not supported, meaning that there is no guarantee about the stability of the resulting JSON structure!
	For a stable JSON structure, please use Spring Data's PagedModel (globally via @EnableSpringDataWebSupport(pageSerializationMode = VIA_DTO))
	or Spring HATEOAS and Spring Data's PagedResourcesAssembler as documented in https://docs.spring.io/spring-data/commons/reference/repositories/core-extensions.html#core.web.pageables.

2025-05-22 16:21:28 [http-nio-8080-exec-5] DEBUG o.s.w.s.m.m.a.HttpEntityMethodProcessor - Using 'application/json', given [*/*] and supported [application/json, application/*+json]
2025-05-22 16:21:28 [http-nio-8080-exec-5] DEBUG o.s.w.s.m.m.a.HttpEntityMethodProcessor - Writing [Page 1 of 1 containing com.example.society.dto.ResidenceDTO instances]
2025-05-22 16:21:28 [http-nio-8080-exec-5] DEBUG o.s.web.servlet.DispatcherServlet - Completed 200 OK
2025-05-22 16:21:39 [http-nio-8080-exec-7] DEBUG o.s.web.servlet.DispatcherServlet - GET "/admin/residences/api?page=0&size=10&flatNumber=c1", parameters={masked}
2025-05-22 16:21:39 [http-nio-8080-exec-7] TRACE o.s.w.s.m.m.a.RequestMappingHandlerMapping - Mapped to com.example.society.admin.controller.AdminResidenceController#getFilteredResidences(String, String, String, String, Pageable)
2025-05-22 16:21:39 [http-nio-8080-exec-7] DEBUG o.s.w.s.m.m.a.HttpEntityMethodProcessor - Using 'application/json', given [*/*] and supported [application/json, application/*+json]
2025-05-22 16:21:39 [http-nio-8080-exec-7] DEBUG o.s.w.s.m.m.a.HttpEntityMethodProcessor - Writing [Page 1 of 1 containing com.example.society.dto.ResidenceDTO instances]
2025-05-22 16:21:39 [http-nio-8080-exec-7] DEBUG o.s.web.servlet.DispatcherServlet - Completed 200 OK
2025-05-22 16:22:20 [restartedMain] INFO  c.example.society.SocietyApplication - Starting SocietyApplication using Java 21.0.7 with PID 1428177 (/var/www/html/society/target/classes started by basanta.swain in /var/www/html/society)
2025-05-22 16:22:20 [restartedMain] DEBUG c.example.society.SocietyApplication - Running with Spring Boot v3.4.4, Spring v6.2.5
2025-05-22 16:22:20 [restartedMain] INFO  c.example.society.SocietyApplication - No active profile set, falling back to 1 default profile: "default"
2025-05-22 16:22:20 [restartedMain] INFO  o.s.d.r.c.RepositoryConfigurationDelegate - Bootstrapping Spring Data JPA repositories in DEFAULT mode.
2025-05-22 16:22:20 [restartedMain] INFO  o.s.d.r.c.RepositoryConfigurationDelegate - Finished Spring Data repository scanning in 7 ms. Found 7 JPA repository interfaces.
2025-05-22 16:22:20 [restartedMain] INFO  o.s.b.w.e.tomcat.TomcatWebServer - Tomcat initialized with port 8080 (http)
2025-05-22 16:22:20 [restartedMain] INFO  o.a.coyote.http11.Http11NioProtocol - Initializing ProtocolHandler ["http-nio-8080"]
2025-05-22 16:22:20 [restartedMain] INFO  o.a.catalina.core.StandardService - Starting service [Tomcat]
2025-05-22 16:22:20 [restartedMain] INFO  o.a.catalina.core.StandardEngine - Starting Servlet engine: [Apache Tomcat/10.1.39]
2025-05-22 16:22:20 [restartedMain] INFO  o.a.c.c.C.[Tomcat].[localhost].[/] - Initializing Spring embedded WebApplicationContext
2025-05-22 16:22:20 [restartedMain] INFO  o.s.b.w.s.c.ServletWebServerApplicationContext - Root WebApplicationContext: initialization completed in 147 ms
2025-05-22 16:22:20 [restartedMain] DEBUG c.e.s.jwt.JwtAuthenticationFilter - Filter 'jwtAuthenticationFilter' configured for use
2025-05-22 16:22:20 [restartedMain] INFO  o.h.jpa.internal.util.LogHelper - HHH000204: Processing PersistenceUnitInfo [name: default]
2025-05-22 16:22:20 [restartedMain] INFO  o.h.c.i.RegionFactoryInitiator - HHH000026: Second-level cache disabled
2025-05-22 16:22:20 [restartedMain] INFO  o.s.o.j.p.SpringPersistenceUnitInfo - No LoadTimeWeaver setup: ignoring JPA class transformer
2025-05-22 16:22:20 [restartedMain] INFO  com.zaxxer.hikari.HikariDataSource - HikariPool-3 - Starting...
2025-05-22 16:22:20 [restartedMain] INFO  com.zaxxer.hikari.pool.HikariPool - HikariPool-3 - Added connection com.mysql.cj.jdbc.ConnectionImpl@1e448b35
2025-05-22 16:22:20 [restartedMain] INFO  com.zaxxer.hikari.HikariDataSource - HikariPool-3 - Start completed.
2025-05-22 16:22:20 [restartedMain] WARN  org.hibernate.orm.deprecation - HHH90000025: MySQL8Dialect does not need to be specified explicitly using 'hibernate.dialect' (remove the property setting and it will be selected by default)
2025-05-22 16:22:20 [restartedMain] WARN  org.hibernate.orm.deprecation - HHH90000026: MySQL8Dialect has been deprecated; use org.hibernate.dialect.MySQLDialect instead
2025-05-22 16:22:20 [restartedMain] INFO  o.hibernate.orm.connections.pooling - HHH10001005: Database info:
	Database JDBC URL [Connecting through datasource 'HikariDataSource (HikariPool-3)']
	Database driver: undefined/unknown
	Database version: 8.0
	Autocommit mode: undefined/unknown
	Isolation level: undefined/unknown
	Minimum pool size: undefined/unknown
	Maximum pool size: undefined/unknown
2025-05-22 16:22:20 [restartedMain] INFO  o.h.e.t.j.p.i.JtaPlatformInitiator - HHH000489: No JTA platform available (set 'hibernate.transaction.jta.platform' to enable JTA platform integration)
2025-05-22 16:22:20 [restartedMain] INFO  o.s.o.j.LocalContainerEntityManagerFactoryBean - Initialized JPA EntityManagerFactory for persistence unit 'default'
2025-05-22 16:22:20 [restartedMain] WARN  o.s.b.a.o.j.JpaBaseConfiguration$JpaWebConfiguration - spring.jpa.open-in-view is enabled by default. Therefore, database queries may be performed during view rendering. Explicitly configure spring.jpa.open-in-view to disable this warning
2025-05-22 16:22:20 [restartedMain] TRACE o.s.w.s.m.m.a.RequestMappingHandlerMapping - 
	c.e.s.a.c.AdminAuthController:
	{POST [/api/admin/logout]}: logout(HttpServletRequest)
	{POST [/api/admin/login]}: login(LoginRequest)
	{POST [/api/admin/register-subadmin]}: registerSubAdmin(SubAdminRegisterRequest)
2025-05-22 16:22:20 [restartedMain] TRACE o.s.w.s.m.m.a.RequestMappingHandlerMapping - 
	c.e.s.a.c.AdminResidenceController:
	{GET [/admin/residences]}: showResidenceListingPage()
	{GET [/admin/residences/api]}: getFilteredResidences(String,String,String,String,Pageable)
2025-05-22 16:22:20 [restartedMain] TRACE o.s.w.s.m.m.a.RequestMappingHandlerMapping - 
	c.e.s.a.c.AdminViewController:
	{GET [/admin/login]}: loginPage()
	{GET [/admin/dashboard]}: dashboardPage()
	{GET [/admin/visitors]}: visitorListingPage()
2025-05-22 16:22:20 [restartedMain] TRACE o.s.w.s.m.m.a.RequestMappingHandlerMapping - 
	c.e.s.a.c.AdminVisitorController:
	{GET [/api/admin/visitors]}: getAllVisitors(String,int)
2025-05-22 16:22:20 [restartedMain] TRACE o.s.w.s.m.m.a.RequestMappingHandlerMapping - 
	c.e.s.c.AuthController:
	{POST [/auth/send-otp]}: sendOtp(Map)
	{POST [/auth/register-resident]}: registerResident(ResidenceRegisterRequest)
	{POST [/auth/verify-otp]}: verifyOtp(OtpRequest)
	{POST [/auth/register]}: register(UserDto)
2025-05-22 16:22:20 [restartedMain] TRACE o.s.w.s.m.m.a.RequestMappingHandlerMapping - 
	c.e.s.c.JwtTestController:
	{GET [/api/test/generate]}: generateToken()
2025-05-22 16:22:20 [restartedMain] TRACE o.s.w.s.m.m.a.RequestMappingHandlerMapping - 
	c.e.s.c.OtpController:
	{GET [/user/send-otp]}: showSendOtpPage()
	{POST [/user/send-otp]}: handleSendOtp(String,Model)
2025-05-22 16:22:20 [restartedMain] TRACE o.s.w.s.m.m.a.RequestMappingHandlerMapping - 
	c.e.s.c.PingController:
	{GET [/ping]}: ping()
2025-05-22 16:22:20 [restartedMain] TRACE o.s.w.s.m.m.a.RequestMappingHandlerMapping - 
	c.e.s.c.ResidenceController:
	{GET [/api/residences]}: getResidences(int,int,String,String,String,String)
2025-05-22 16:22:20 [restartedMain] TRACE o.s.w.s.m.m.a.RequestMappingHandlerMapping - 
	c.e.s.c.VisitorController:
	{GET [/api/visitor]}: getVisitors(Long,String,String,String,String,ApproveStatus,int)
	{GET [/api/visitor/approve]}: approveVisitor(String)
2025-05-22 16:22:20 [restartedMain] TRACE o.s.w.s.m.m.a.RequestMappingHandlerMapping - 
	c.e.s.g.c.GuestVisitController:
	{POST [/api/visitor/entry]}: recordGuestEntry(String,GuestVisitRequest,BindingResult)
	{PUT [/api/visitor/entry/{id}]}: editGuestEntry(String,Long,GuestVisitRequest)
	{GET [/api/visitor/test]}: test()
2025-05-22 16:22:20 [restartedMain] TRACE o.s.w.s.m.m.a.RequestMappingHandlerMapping - 
	o.s.b.a.w.s.e.BasicErrorController:
	{ [/error], produces [text/html]}: errorHtml(HttpServletRequest,HttpServletResponse)
	{ [/error]}: error(HttpServletRequest)
2025-05-22 16:22:20 [restartedMain] DEBUG o.s.w.s.m.m.a.RequestMappingHandlerMapping - 25 mappings in 'requestMappingHandlerMapping'
2025-05-22 16:22:20 [restartedMain] DEBUG o.s.w.s.h.SimpleUrlHandlerMapping - Patterns [/webjars/**, /**] in 'resourceHandlerMapping'
2025-05-22 16:22:20 [restartedMain] DEBUG o.s.w.s.m.m.a.RequestMappingHandlerAdapter - ControllerAdvice beans: 0 @ModelAttribute, 0 @InitBinder, 1 RequestBodyAdvice, 1 ResponseBodyAdvice
2025-05-22 16:22:20 [restartedMain] DEBUG o.s.w.s.m.m.a.ExceptionHandlerExceptionResolver - ControllerAdvice beans: 1 @ExceptionHandler, 1 ResponseBodyAdvice
2025-05-22 16:22:20 [restartedMain] INFO  o.s.b.d.a.OptionalLiveReloadServer - LiveReload server is running on port 35729
2025-05-22 16:22:20 [restartedMain] INFO  o.a.coyote.http11.Http11NioProtocol - Starting ProtocolHandler ["http-nio-8080"]
2025-05-22 16:22:20 [restartedMain] INFO  o.s.b.w.e.tomcat.TomcatWebServer - Tomcat started on port 8080 (http) with context path '/'
2025-05-22 16:22:20 [restartedMain] INFO  c.example.society.SocietyApplication - Started SocietyApplication in 0.415 seconds (process running for 58.511)
2025-05-22 16:22:20 [restartedMain] INFO  o.s.b.d.a.ConditionEvaluationDeltaLoggingListener - Condition evaluation unchanged
2025-05-22 16:23:40 [http-nio-8080-exec-1] INFO  o.a.c.c.C.[Tomcat].[localhost].[/] - Initializing Spring DispatcherServlet 'dispatcherServlet'
2025-05-22 16:23:40 [http-nio-8080-exec-1] INFO  o.s.web.servlet.DispatcherServlet - Initializing Servlet 'dispatcherServlet'
2025-05-22 16:23:40 [http-nio-8080-exec-1] DEBUG o.s.web.servlet.DispatcherServlet - Detected StandardServletMultipartResolver
2025-05-22 16:23:40 [http-nio-8080-exec-1] DEBUG o.s.web.servlet.DispatcherServlet - Detected AcceptHeaderLocaleResolver
2025-05-22 16:23:40 [http-nio-8080-exec-1] DEBUG o.s.web.servlet.DispatcherServlet - Detected FixedThemeResolver
2025-05-22 16:23:40 [http-nio-8080-exec-1] DEBUG o.s.web.servlet.DispatcherServlet - Detected org.springframework.web.servlet.view.DefaultRequestToViewNameTranslator@16fc94f8
2025-05-22 16:23:40 [http-nio-8080-exec-1] DEBUG o.s.web.servlet.DispatcherServlet - Detected org.springframework.web.servlet.support.SessionFlashMapManager@6b909572
2025-05-22 16:23:40 [http-nio-8080-exec-1] DEBUG o.s.web.servlet.DispatcherServlet - enableLoggingRequestDetails='false': request parameters and headers will be masked to prevent unsafe logging of potentially sensitive data
2025-05-22 16:23:40 [http-nio-8080-exec-1] INFO  o.s.web.servlet.DispatcherServlet - Completed initialization in 0 ms
2025-05-22 16:23:40 [http-nio-8080-exec-1] DEBUG o.s.web.servlet.DispatcherServlet - GET "/admin/visitors", parameters={}
2025-05-22 16:23:40 [http-nio-8080-exec-1] TRACE o.s.w.s.m.m.a.RequestMappingHandlerMapping - Mapped to com.example.society.admin.controller.AdminViewController#visitorListingPage()
2025-05-22 16:23:40 [http-nio-8080-exec-1] DEBUG o.s.w.s.v.ContentNegotiatingViewResolver - Selected 'text/html' given [text/html, application/xhtml+xml, image/avif, image/webp, image/apng, application/xml;q=0.9, */*;q=0.8, application/signed-exchange;v=b3;q=0.7]
2025-05-22 16:23:40 [http-nio-8080-exec-1] WARN  o.t.s.p.AbstractStandardFragmentInsertionTagProcessor - [THYMELEAF][http-nio-8080-exec-1][admin/visitor-listing] Deprecated unwrapped fragment expression "admin/includes/footer :: footer" found in template admin/visitor-listing, line 75, col 14. Please use the complete syntax of fragment expressions instead ("~{admin/includes/footer :: footer}"). The old, unwrapped syntax for fragment expressions will be removed in future versions of Thymeleaf.
2025-05-22 16:23:40 [http-nio-8080-exec-1] DEBUG o.s.web.servlet.DispatcherServlet - Completed 200 OK
2025-05-22 16:23:40 [http-nio-8080-exec-2] DEBUG o.s.web.servlet.DispatcherServlet - GET "/images/ananta_logo.png", parameters={}
2025-05-22 16:23:40 [http-nio-8080-exec-2] DEBUG o.s.w.s.h.SimpleUrlHandlerMapping - Mapped to ResourceHttpRequestHandler [classpath [META-INF/resources/], classpath [resources/], classpath [static/], classpath [public/], ServletContext [/]]
2025-05-22 16:23:40 [http-nio-8080-exec-2] DEBUG o.s.web.servlet.DispatcherServlet - Completed 200 OK
2025-05-22 16:23:40 [http-nio-8080-exec-3] DEBUG o.s.web.servlet.DispatcherServlet - GET "/api/admin/visitors?page=1&size=10", parameters={masked}
2025-05-22 16:23:40 [http-nio-8080-exec-3] TRACE o.s.w.s.m.m.a.RequestMappingHandlerMapping - Mapped to com.example.society.admin.controller.AdminVisitorController#getAllVisitors(String, int)
2025-05-22 16:23:40 [http-nio-8080-exec-3] DEBUG o.s.w.s.m.m.a.HttpEntityMethodProcessor - Using 'application/json', given [*/*] and supported [application/json, application/*+json]
2025-05-22 16:23:40 [http-nio-8080-exec-3] DEBUG o.s.w.s.m.m.a.HttpEntityMethodProcessor - Writing [{visitors=[Visitor(id=12, guestName=hello, mobile=9971530966, flatNumber=fgdsgf, buildingNumber=gsdg (truncated)...]
2025-05-22 16:23:40 [http-nio-8080-exec-3] DEBUG o.s.web.servlet.DispatcherServlet - Completed 200 OK
2025-05-22 16:23:43 [http-nio-8080-exec-4] DEBUG o.s.web.servlet.DispatcherServlet - GET "/admin/residences", parameters={}
2025-05-22 16:23:43 [http-nio-8080-exec-4] TRACE o.s.w.s.m.m.a.RequestMappingHandlerMapping - Mapped to com.example.society.admin.controller.AdminResidenceController#showResidenceListingPage()
2025-05-22 16:23:43 [http-nio-8080-exec-4] DEBUG o.s.w.s.v.ContentNegotiatingViewResolver - Selected 'text/html' given [text/html, application/xhtml+xml, image/avif, image/webp, image/apng, application/xml;q=0.9, */*;q=0.8, application/signed-exchange;v=b3;q=0.7]
2025-05-22 16:23:43 [http-nio-8080-exec-4] WARN  o.t.s.p.AbstractStandardFragmentInsertionTagProcessor - [THYMELEAF][http-nio-8080-exec-4][admin/includes/residence-list] Deprecated unwrapped fragment expression "admin/includes/footer :: footer" found in template admin/includes/residence-list, line 61, col 14. Please use the complete syntax of fragment expressions instead ("~{admin/includes/footer :: footer}"). The old, unwrapped syntax for fragment expressions will be removed in future versions of Thymeleaf.
2025-05-22 16:23:43 [http-nio-8080-exec-4] DEBUG o.s.web.servlet.DispatcherServlet - Completed 200 OK
2025-05-22 16:23:43 [http-nio-8080-exec-5] DEBUG o.s.web.servlet.DispatcherServlet - GET "/images/ananta_logo.png", parameters={}
2025-05-22 16:23:43 [http-nio-8080-exec-5] DEBUG o.s.w.s.h.SimpleUrlHandlerMapping - Mapped to ResourceHttpRequestHandler [classpath [META-INF/resources/], classpath [resources/], classpath [static/], classpath [public/], ServletContext [/]]
2025-05-22 16:23:43 [http-nio-8080-exec-5] DEBUG o.s.web.servlet.DispatcherServlet - Completed 200 OK
2025-05-22 16:23:43 [http-nio-8080-exec-6] DEBUG o.s.web.servlet.DispatcherServlet - GET "/admin/residences/api?page=0&size=10", parameters={masked}
2025-05-22 16:23:43 [http-nio-8080-exec-6] TRACE o.s.w.s.m.m.a.RequestMappingHandlerMapping - Mapped to com.example.society.admin.controller.AdminResidenceController#getFilteredResidences(String, String, String, String, Pageable)
2025-05-22 16:23:43 [http-nio-8080-exec-6] WARN  o.s.d.w.c.SpringDataJacksonConfiguration$PageModule$WarningLoggingModifier - Serializing PageImpl instances as-is is not supported, meaning that there is no guarantee about the stability of the resulting JSON structure!
	For a stable JSON structure, please use Spring Data's PagedModel (globally via @EnableSpringDataWebSupport(pageSerializationMode = VIA_DTO))
	or Spring HATEOAS and Spring Data's PagedResourcesAssembler as documented in https://docs.spring.io/spring-data/commons/reference/repositories/core-extensions.html#core.web.pageables.

2025-05-22 16:23:43 [http-nio-8080-exec-6] DEBUG o.s.w.s.m.m.a.HttpEntityMethodProcessor - Using 'application/json', given [*/*] and supported [application/json, application/*+json]
2025-05-22 16:23:43 [http-nio-8080-exec-6] DEBUG o.s.w.s.m.m.a.HttpEntityMethodProcessor - Writing [Page 1 of 1 containing com.example.society.dto.ResidenceDTO instances]
2025-05-22 16:23:43 [http-nio-8080-exec-6] DEBUG o.s.web.servlet.DispatcherServlet - Completed 200 OK
2025-05-22 16:24:25 [http-nio-8080-exec-7] TRACE o.s.w.s.m.m.a.RequestMappingHandlerMapping - 2 matching mappings: [{ [/error], produces [text/html]}, { [/error]}]
2025-05-22 16:24:27 [http-nio-8080-exec-8] DEBUG o.s.web.servlet.DispatcherServlet - GET "/admin/residences", parameters={}
2025-05-22 16:24:27 [http-nio-8080-exec-8] TRACE o.s.w.s.m.m.a.RequestMappingHandlerMapping - Mapped to com.example.society.admin.controller.AdminResidenceController#showResidenceListingPage()
2025-05-22 16:24:27 [http-nio-8080-exec-8] DEBUG o.s.w.s.v.ContentNegotiatingViewResolver - Selected 'text/html' given [text/html, application/xhtml+xml, image/avif, image/webp, image/apng, application/xml;q=0.9, */*;q=0.8, application/signed-exchange;v=b3;q=0.7]
2025-05-22 16:24:27 [http-nio-8080-exec-8] WARN  o.t.s.p.AbstractStandardFragmentInsertionTagProcessor - [THYMELEAF][http-nio-8080-exec-8][admin/includes/residence-list] Deprecated unwrapped fragment expression "admin/includes/footer :: footer" found in template admin/includes/residence-list, line 61, col 14. Please use the complete syntax of fragment expressions instead ("~{admin/includes/footer :: footer}"). The old, unwrapped syntax for fragment expressions will be removed in future versions of Thymeleaf.
2025-05-22 16:24:27 [http-nio-8080-exec-8] DEBUG o.s.web.servlet.DispatcherServlet - Completed 200 OK
2025-05-22 16:24:27 [http-nio-8080-exec-9] DEBUG o.s.web.servlet.DispatcherServlet - GET "/images/ananta_logo.png", parameters={}
2025-05-22 16:24:27 [http-nio-8080-exec-9] DEBUG o.s.w.s.h.SimpleUrlHandlerMapping - Mapped to ResourceHttpRequestHandler [classpath [META-INF/resources/], classpath [resources/], classpath [static/], classpath [public/], ServletContext [/]]
2025-05-22 16:24:27 [http-nio-8080-exec-9] DEBUG o.s.web.servlet.DispatcherServlet - Completed 200 OK
2025-05-22 16:24:27 [http-nio-8080-exec-10] DEBUG o.s.web.servlet.DispatcherServlet - GET "/admin/residences/api?page=0&size=10", parameters={masked}
2025-05-22 16:24:27 [http-nio-8080-exec-10] TRACE o.s.w.s.m.m.a.RequestMappingHandlerMapping - Mapped to com.example.society.admin.controller.AdminResidenceController#getFilteredResidences(String, String, String, String, Pageable)
2025-05-22 16:24:27 [http-nio-8080-exec-10] DEBUG o.s.w.s.m.m.a.HttpEntityMethodProcessor - Using 'application/json', given [*/*] and supported [application/json, application/*+json]
2025-05-22 16:24:27 [http-nio-8080-exec-10] DEBUG o.s.w.s.m.m.a.HttpEntityMethodProcessor - Writing [Page 1 of 1 containing com.example.society.dto.ResidenceDTO instances]
2025-05-22 16:24:27 [http-nio-8080-exec-10] DEBUG o.s.web.servlet.DispatcherServlet - Completed 200 OK
2025-05-22 16:24:47 [http-nio-8080-exec-2] DEBUG o.s.web.servlet.DispatcherServlet - GET "/admin/visitors", parameters={}
2025-05-22 16:24:47 [http-nio-8080-exec-2] TRACE o.s.w.s.m.m.a.RequestMappingHandlerMapping - Mapped to com.example.society.admin.controller.AdminViewController#visitorListingPage()
2025-05-22 16:24:47 [http-nio-8080-exec-2] DEBUG o.s.w.s.v.ContentNegotiatingViewResolver - Selected 'text/html' given [text/html, application/xhtml+xml, image/avif, image/webp, image/apng, application/xml;q=0.9, */*;q=0.8, application/signed-exchange;v=b3;q=0.7]
2025-05-22 16:24:47 [http-nio-8080-exec-2] WARN  o.t.s.p.AbstractStandardFragmentInsertionTagProcessor - [THYMELEAF][http-nio-8080-exec-2][admin/visitor-listing] Deprecated unwrapped fragment expression "admin/includes/footer :: footer" found in template admin/visitor-listing, line 75, col 14. Please use the complete syntax of fragment expressions instead ("~{admin/includes/footer :: footer}"). The old, unwrapped syntax for fragment expressions will be removed in future versions of Thymeleaf.
2025-05-22 16:24:47 [http-nio-8080-exec-2] DEBUG o.s.web.servlet.DispatcherServlet - Completed 200 OK
2025-05-22 16:24:47 [http-nio-8080-exec-3] DEBUG o.s.web.servlet.DispatcherServlet - GET "/images/ananta_logo.png", parameters={}
2025-05-22 16:24:47 [http-nio-8080-exec-3] DEBUG o.s.w.s.h.SimpleUrlHandlerMapping - Mapped to ResourceHttpRequestHandler [classpath [META-INF/resources/], classpath [resources/], classpath [static/], classpath [public/], ServletContext [/]]
2025-05-22 16:24:47 [http-nio-8080-exec-3] DEBUG o.s.web.servlet.DispatcherServlet - Completed 200 OK
2025-05-22 16:24:47 [http-nio-8080-exec-4] DEBUG o.s.web.servlet.DispatcherServlet - GET "/api/admin/visitors?page=1&size=10", parameters={masked}
2025-05-22 16:24:47 [http-nio-8080-exec-4] TRACE o.s.w.s.m.m.a.RequestMappingHandlerMapping - Mapped to com.example.society.admin.controller.AdminVisitorController#getAllVisitors(String, int)
2025-05-22 16:24:47 [http-nio-8080-exec-4] DEBUG o.s.w.s.m.m.a.HttpEntityMethodProcessor - Using 'application/json', given [*/*] and supported [application/json, application/*+json]
2025-05-22 16:24:47 [http-nio-8080-exec-4] DEBUG o.s.w.s.m.m.a.HttpEntityMethodProcessor - Writing [{visitors=[Visitor(id=12, guestName=hello, mobile=9971530966, flatNumber=fgdsgf, buildingNumber=gsdg (truncated)...]
2025-05-22 16:24:47 [http-nio-8080-exec-4] DEBUG o.s.web.servlet.DispatcherServlet - Completed 200 OK
2025-05-22 16:24:58 [http-nio-8080-exec-5] DEBUG o.s.web.servlet.DispatcherServlet - POST "/api/admin/logout", parameters={}
2025-05-22 16:24:58 [http-nio-8080-exec-5] TRACE o.s.w.s.m.m.a.RequestMappingHandlerMapping - Mapped to com.example.society.admin.controller.AdminAuthController#logout(HttpServletRequest)
2025-05-22 16:24:58 [http-nio-8080-exec-5] DEBUG o.s.w.s.m.m.a.HttpEntityMethodProcessor - Using 'application/json', given [*/*] and supported [application/json, application/*+json]
2025-05-22 16:24:58 [http-nio-8080-exec-5] DEBUG o.s.w.s.m.m.a.HttpEntityMethodProcessor - Writing [{message=Logout successful, success=true}]
2025-05-22 16:24:58 [http-nio-8080-exec-5] DEBUG o.s.web.servlet.DispatcherServlet - Completed 200 OK
2025-05-22 16:24:58 [http-nio-8080-exec-6] DEBUG o.s.web.servlet.DispatcherServlet - GET "/admin/login", parameters={}
2025-05-22 16:24:58 [http-nio-8080-exec-6] TRACE o.s.w.s.m.m.a.RequestMappingHandlerMapping - Mapped to com.example.society.admin.controller.AdminViewController#loginPage()
2025-05-22 16:24:58 [http-nio-8080-exec-6] DEBUG o.s.w.s.v.ContentNegotiatingViewResolver - Selected 'text/html' given [text/html, application/xhtml+xml, image/avif, image/webp, image/apng, application/xml;q=0.9, */*;q=0.8, application/signed-exchange;v=b3;q=0.7]
2025-05-22 16:24:58 [http-nio-8080-exec-6] DEBUG o.s.web.servlet.DispatcherServlet - Completed 200 OK
2025-05-22 16:24:58 [http-nio-8080-exec-7] DEBUG o.s.web.servlet.DispatcherServlet - GET "/images/ananta_logo.png", parameters={}
2025-05-22 16:24:58 [http-nio-8080-exec-7] DEBUG o.s.w.s.h.SimpleUrlHandlerMapping - Mapped to ResourceHttpRequestHandler [classpath [META-INF/resources/], classpath [resources/], classpath [static/], classpath [public/], ServletContext [/]]
2025-05-22 16:24:58 [http-nio-8080-exec-7] DEBUG o.s.web.servlet.DispatcherServlet - Completed 200 OK
2025-05-22 16:24:58 [http-nio-8080-exec-8] DEBUG o.s.web.servlet.DispatcherServlet - GET "/admin/js/login.js", parameters={}
2025-05-22 16:24:58 [http-nio-8080-exec-8] DEBUG o.s.w.s.h.SimpleUrlHandlerMapping - Mapped to ResourceHttpRequestHandler [classpath [META-INF/resources/], classpath [resources/], classpath [static/], classpath [public/], ServletContext [/]]
2025-05-22 16:24:58 [http-nio-8080-exec-8] DEBUG o.s.web.servlet.DispatcherServlet - Completed 200 OK
2025-05-22 16:25:06 [http-nio-8080-exec-9] DEBUG o.s.web.servlet.DispatcherServlet - POST "/api/admin/login", parameters={}
2025-05-22 16:25:06 [http-nio-8080-exec-9] TRACE o.s.w.s.m.m.a.RequestMappingHandlerMapping - Mapped to com.example.society.admin.controller.AdminAuthController#login(LoginRequest)
2025-05-22 16:25:06 [http-nio-8080-exec-9] DEBUG o.s.w.s.m.m.a.RequestResponseBodyMethodProcessor - Read "application/json;charset=UTF-8" to [com.example.society.admin.dto.LoginRequest@251f8e7f]
2025-05-22 16:25:06 [http-nio-8080-exec-9] DEBUG o.s.w.s.m.m.a.HttpEntityMethodProcessor - Using 'application/json', given [*/*] and supported [application/json, application/*+json]
2025-05-22 16:25:06 [http-nio-8080-exec-9] DEBUG o.s.w.s.m.m.a.HttpEntityMethodProcessor - Writing [{message=Login successful, success=true, data={expiresIn=3600, username=basanta, token=eyJhbGciOiJIU (truncated)...]
2025-05-22 16:25:06 [http-nio-8080-exec-9] DEBUG o.s.web.servlet.DispatcherServlet - Completed 200 OK
2025-05-22 16:25:06 [http-nio-8080-exec-10] DEBUG o.s.web.servlet.DispatcherServlet - GET "/admin/dashboard", parameters={}
2025-05-22 16:25:06 [http-nio-8080-exec-10] TRACE o.s.w.s.m.m.a.RequestMappingHandlerMapping - Mapped to com.example.society.admin.controller.AdminViewController#dashboardPage()
2025-05-22 16:25:06 [http-nio-8080-exec-10] DEBUG o.s.w.s.v.ContentNegotiatingViewResolver - Selected 'text/html' given [text/html, application/xhtml+xml, image/avif, image/webp, image/apng, application/xml;q=0.9, */*;q=0.8, application/signed-exchange;v=b3;q=0.7]
2025-05-22 16:25:06 [http-nio-8080-exec-10] WARN  o.t.s.p.AbstractStandardFragmentInsertionTagProcessor - [THYMELEAF][http-nio-8080-exec-10][admin/dashboard] Deprecated unwrapped fragment expression "admin/includes/footer :: footer" found in template admin/dashboard, line 476, col 6. Please use the complete syntax of fragment expressions instead ("~{admin/includes/footer :: footer}"). The old, unwrapped syntax for fragment expressions will be removed in future versions of Thymeleaf.
2025-05-22 16:25:06 [http-nio-8080-exec-10] DEBUG o.s.web.servlet.DispatcherServlet - Completed 200 OK
2025-05-22 16:25:06 [http-nio-8080-exec-1] DEBUG o.s.web.servlet.DispatcherServlet - GET "/images/ananta_logo.png", parameters={}
2025-05-22 16:25:06 [http-nio-8080-exec-1] DEBUG o.s.w.s.h.SimpleUrlHandlerMapping - Mapped to ResourceHttpRequestHandler [classpath [META-INF/resources/], classpath [resources/], classpath [static/], classpath [public/], ServletContext [/]]
2025-05-22 16:25:06 [http-nio-8080-exec-1] DEBUG o.s.web.servlet.DispatcherServlet - Completed 200 OK
2025-05-22 16:25:09 [http-nio-8080-exec-2] DEBUG o.s.web.servlet.DispatcherServlet - GET "/admin/visitors", parameters={}
2025-05-22 16:25:09 [http-nio-8080-exec-2] TRACE o.s.w.s.m.m.a.RequestMappingHandlerMapping - Mapped to com.example.society.admin.controller.AdminViewController#visitorListingPage()
2025-05-22 16:25:09 [http-nio-8080-exec-2] DEBUG o.s.w.s.v.ContentNegotiatingViewResolver - Selected 'text/html' given [text/html, application/xhtml+xml, image/avif, image/webp, image/apng, application/xml;q=0.9, */*;q=0.8, application/signed-exchange;v=b3;q=0.7]
2025-05-22 16:25:09 [http-nio-8080-exec-2] WARN  o.t.s.p.AbstractStandardFragmentInsertionTagProcessor - [THYMELEAF][http-nio-8080-exec-2][admin/visitor-listing] Deprecated unwrapped fragment expression "admin/includes/footer :: footer" found in template admin/visitor-listing, line 75, col 14. Please use the complete syntax of fragment expressions instead ("~{admin/includes/footer :: footer}"). The old, unwrapped syntax for fragment expressions will be removed in future versions of Thymeleaf.
2025-05-22 16:25:09 [http-nio-8080-exec-2] DEBUG o.s.web.servlet.DispatcherServlet - Completed 200 OK
2025-05-22 16:25:09 [http-nio-8080-exec-3] DEBUG o.s.web.servlet.DispatcherServlet - GET "/images/ananta_logo.png", parameters={}
2025-05-22 16:25:09 [http-nio-8080-exec-3] DEBUG o.s.w.s.h.SimpleUrlHandlerMapping - Mapped to ResourceHttpRequestHandler [classpath [META-INF/resources/], classpath [resources/], classpath [static/], classpath [public/], ServletContext [/]]
2025-05-22 16:25:09 [http-nio-8080-exec-3] DEBUG o.s.web.servlet.DispatcherServlet - Completed 200 OK
2025-05-22 16:25:09 [http-nio-8080-exec-4] DEBUG o.s.web.servlet.DispatcherServlet - GET "/api/admin/visitors?page=1&size=10", parameters={masked}
2025-05-22 16:25:09 [http-nio-8080-exec-4] TRACE o.s.w.s.m.m.a.RequestMappingHandlerMapping - Mapped to com.example.society.admin.controller.AdminVisitorController#getAllVisitors(String, int)
2025-05-22 16:25:09 [http-nio-8080-exec-4] DEBUG o.s.w.s.m.m.a.HttpEntityMethodProcessor - Using 'application/json', given [*/*] and supported [application/json, application/*+json]
2025-05-22 16:25:09 [http-nio-8080-exec-4] DEBUG o.s.w.s.m.m.a.HttpEntityMethodProcessor - Writing [{visitors=[Visitor(id=12, guestName=hello, mobile=9971530966, flatNumber=fgdsgf, buildingNumber=gsdg (truncated)...]
2025-05-22 16:25:09 [http-nio-8080-exec-4] DEBUG o.s.web.servlet.DispatcherServlet - Completed 200 OK
2025-05-22 16:25:17 [http-nio-8080-exec-5] DEBUG o.s.web.servlet.DispatcherServlet - GET "/api/admin/visitors?page=1&size=10&approveStatus=PENDING", parameters={masked}
2025-05-22 16:25:17 [http-nio-8080-exec-5] TRACE o.s.w.s.m.m.a.RequestMappingHandlerMapping - Mapped to com.example.society.admin.controller.AdminVisitorController#getAllVisitors(String, int)
2025-05-22 16:25:17 [http-nio-8080-exec-5] DEBUG o.s.w.s.m.m.a.HttpEntityMethodProcessor - Using 'application/json', given [*/*] and supported [application/json, application/*+json]
2025-05-22 16:25:17 [http-nio-8080-exec-5] DEBUG o.s.w.s.m.m.a.HttpEntityMethodProcessor - Writing [{visitors=[Visitor(id=12, guestName=hello, mobile=9971530966, flatNumber=fgdsgf, buildingNumber=gsdg (truncated)...]
2025-05-22 16:25:17 [http-nio-8080-exec-5] DEBUG o.s.web.servlet.DispatcherServlet - Completed 200 OK
2025-05-22 16:25:20 [http-nio-8080-exec-6] DEBUG o.s.web.servlet.DispatcherServlet - GET "/api/admin/visitors?page=1&size=10&approveStatus=APPROVED", parameters={masked}
2025-05-22 16:25:20 [http-nio-8080-exec-6] TRACE o.s.w.s.m.m.a.RequestMappingHandlerMapping - Mapped to com.example.society.admin.controller.AdminVisitorController#getAllVisitors(String, int)
2025-05-22 16:25:20 [http-nio-8080-exec-6] DEBUG o.s.w.s.m.m.a.HttpEntityMethodProcessor - Using 'application/json', given [*/*] and supported [application/json, application/*+json]
2025-05-22 16:25:20 [http-nio-8080-exec-6] DEBUG o.s.w.s.m.m.a.HttpEntityMethodProcessor - Writing [{visitors=[Visitor(id=11, guestName=hello, mobile=9439971201, flatNumber=fgdsgf, buildingNumber=gsdg (truncated)...]
2025-05-22 16:25:20 [http-nio-8080-exec-6] DEBUG o.s.web.servlet.DispatcherServlet - Completed 200 OK
2025-05-22 16:25:23 [http-nio-8080-exec-7] DEBUG o.s.web.servlet.DispatcherServlet - GET "/api/admin/visitors?page=1&size=10&approveStatus=REJECTED", parameters={masked}
2025-05-22 16:25:23 [http-nio-8080-exec-7] TRACE o.s.w.s.m.m.a.RequestMappingHandlerMapping - Mapped to com.example.society.admin.controller.AdminVisitorController#getAllVisitors(String, int)
2025-05-22 16:25:23 [http-nio-8080-exec-7] DEBUG o.s.w.s.m.m.a.HttpEntityMethodProcessor - Using 'application/json', given [*/*] and supported [application/json, application/*+json]
2025-05-22 16:25:23 [http-nio-8080-exec-7] DEBUG o.s.w.s.m.m.a.HttpEntityMethodProcessor - Writing [{visitors=[Visitor(id=3, guestName=hello, mobile=9971530966, flatNumber=A-203, buildingNumber=B1, vi (truncated)...]
2025-05-22 16:25:23 [http-nio-8080-exec-7] DEBUG o.s.web.servlet.DispatcherServlet - Completed 200 OK
2025-05-22 16:25:32 [http-nio-8080-exec-8] DEBUG o.s.web.servlet.DispatcherServlet - GET "/admin/residences", parameters={}
2025-05-22 16:25:32 [http-nio-8080-exec-8] TRACE o.s.w.s.m.m.a.RequestMappingHandlerMapping - Mapped to com.example.society.admin.controller.AdminResidenceController#showResidenceListingPage()
2025-05-22 16:25:32 [http-nio-8080-exec-8] DEBUG o.s.w.s.v.ContentNegotiatingViewResolver - Selected 'text/html' given [text/html, application/xhtml+xml, image/avif, image/webp, image/apng, application/xml;q=0.9, */*;q=0.8, application/signed-exchange;v=b3;q=0.7]
2025-05-22 16:25:32 [http-nio-8080-exec-8] WARN  o.t.s.p.AbstractStandardFragmentInsertionTagProcessor - [THYMELEAF][http-nio-8080-exec-8][admin/includes/residence-list] Deprecated unwrapped fragment expression "admin/includes/footer :: footer" found in template admin/includes/residence-list, line 61, col 14. Please use the complete syntax of fragment expressions instead ("~{admin/includes/footer :: footer}"). The old, unwrapped syntax for fragment expressions will be removed in future versions of Thymeleaf.
2025-05-22 16:25:32 [http-nio-8080-exec-8] DEBUG o.s.web.servlet.DispatcherServlet - Completed 200 OK
2025-05-22 16:25:32 [http-nio-8080-exec-9] DEBUG o.s.web.servlet.DispatcherServlet - GET "/images/ananta_logo.png", parameters={}
2025-05-22 16:25:32 [http-nio-8080-exec-9] DEBUG o.s.w.s.h.SimpleUrlHandlerMapping - Mapped to ResourceHttpRequestHandler [classpath [META-INF/resources/], classpath [resources/], classpath [static/], classpath [public/], ServletContext [/]]
2025-05-22 16:25:32 [http-nio-8080-exec-9] DEBUG o.s.web.servlet.DispatcherServlet - Completed 200 OK
2025-05-22 16:25:32 [http-nio-8080-exec-10] DEBUG o.s.web.servlet.DispatcherServlet - GET "/admin/residences/api?page=0&size=10", parameters={masked}
2025-05-22 16:25:32 [http-nio-8080-exec-10] TRACE o.s.w.s.m.m.a.RequestMappingHandlerMapping - Mapped to com.example.society.admin.controller.AdminResidenceController#getFilteredResidences(String, String, String, String, Pageable)
2025-05-22 16:25:32 [http-nio-8080-exec-10] DEBUG o.s.w.s.m.m.a.HttpEntityMethodProcessor - Using 'application/json', given [*/*] and supported [application/json, application/*+json]
2025-05-22 16:25:32 [http-nio-8080-exec-10] DEBUG o.s.w.s.m.m.a.HttpEntityMethodProcessor - Writing [Page 1 of 1 containing com.example.society.dto.ResidenceDTO instances]
2025-05-22 16:25:32 [http-nio-8080-exec-10] DEBUG o.s.web.servlet.DispatcherServlet - Completed 200 OK
2025-05-22 16:25:42 [http-nio-8080-exec-1] DEBUG o.s.web.servlet.DispatcherServlet - GET "/admin/visitors", parameters={}
2025-05-22 16:25:42 [http-nio-8080-exec-1] TRACE o.s.w.s.m.m.a.RequestMappingHandlerMapping - Mapped to com.example.society.admin.controller.AdminViewController#visitorListingPage()
2025-05-22 16:25:42 [http-nio-8080-exec-1] DEBUG o.s.w.s.v.ContentNegotiatingViewResolver - Selected 'text/html' given [text/html, application/xhtml+xml, image/avif, image/webp, image/apng, application/xml;q=0.9, */*;q=0.8, application/signed-exchange;v=b3;q=0.7]
2025-05-22 16:25:42 [http-nio-8080-exec-1] WARN  o.t.s.p.AbstractStandardFragmentInsertionTagProcessor - [THYMELEAF][http-nio-8080-exec-1][admin/visitor-listing] Deprecated unwrapped fragment expression "admin/includes/footer :: footer" found in template admin/visitor-listing, line 75, col 14. Please use the complete syntax of fragment expressions instead ("~{admin/includes/footer :: footer}"). The old, unwrapped syntax for fragment expressions will be removed in future versions of Thymeleaf.
2025-05-22 16:25:42 [http-nio-8080-exec-1] DEBUG o.s.web.servlet.DispatcherServlet - Completed 200 OK
2025-05-22 16:25:42 [http-nio-8080-exec-2] DEBUG o.s.web.servlet.DispatcherServlet - GET "/images/ananta_logo.png", parameters={}
2025-05-22 16:25:42 [http-nio-8080-exec-2] DEBUG o.s.w.s.h.SimpleUrlHandlerMapping - Mapped to ResourceHttpRequestHandler [classpath [META-INF/resources/], classpath [resources/], classpath [static/], classpath [public/], ServletContext [/]]
2025-05-22 16:25:42 [http-nio-8080-exec-2] DEBUG o.s.web.servlet.DispatcherServlet - Completed 200 OK
2025-05-22 16:25:42 [http-nio-8080-exec-3] DEBUG o.s.web.servlet.DispatcherServlet - GET "/api/admin/visitors?page=1&size=10", parameters={masked}
2025-05-22 16:25:42 [http-nio-8080-exec-3] TRACE o.s.w.s.m.m.a.RequestMappingHandlerMapping - Mapped to com.example.society.admin.controller.AdminVisitorController#getAllVisitors(String, int)
2025-05-22 16:25:42 [http-nio-8080-exec-3] DEBUG o.s.w.s.m.m.a.HttpEntityMethodProcessor - Using 'application/json', given [*/*] and supported [application/json, application/*+json]
2025-05-22 16:25:42 [http-nio-8080-exec-3] DEBUG o.s.w.s.m.m.a.HttpEntityMethodProcessor - Writing [{visitors=[Visitor(id=12, guestName=hello, mobile=9971530966, flatNumber=fgdsgf, buildingNumber=gsdg (truncated)...]
2025-05-22 16:25:42 [http-nio-8080-exec-3] DEBUG o.s.web.servlet.DispatcherServlet - Completed 200 OK
2025-05-22 16:25:58 [http-nio-8080-exec-4] DEBUG o.s.web.servlet.DispatcherServlet - GET "/admin/residences", parameters={}
2025-05-22 16:25:58 [http-nio-8080-exec-4] TRACE o.s.w.s.m.m.a.RequestMappingHandlerMapping - Mapped to com.example.society.admin.controller.AdminResidenceController#showResidenceListingPage()
2025-05-22 16:25:58 [http-nio-8080-exec-4] DEBUG o.s.w.s.v.ContentNegotiatingViewResolver - Selected 'text/html' given [text/html, application/xhtml+xml, image/avif, image/webp, image/apng, application/xml;q=0.9, */*;q=0.8, application/signed-exchange;v=b3;q=0.7]
2025-05-22 16:25:58 [http-nio-8080-exec-4] WARN  o.t.s.p.AbstractStandardFragmentInsertionTagProcessor - [THYMELEAF][http-nio-8080-exec-4][admin/includes/residence-list] Deprecated unwrapped fragment expression "admin/includes/footer :: footer" found in template admin/includes/residence-list, line 61, col 14. Please use the complete syntax of fragment expressions instead ("~{admin/includes/footer :: footer}"). The old, unwrapped syntax for fragment expressions will be removed in future versions of Thymeleaf.
2025-05-22 16:25:58 [http-nio-8080-exec-4] DEBUG o.s.web.servlet.DispatcherServlet - Completed 200 OK
2025-05-22 16:25:58 [http-nio-8080-exec-5] DEBUG o.s.web.servlet.DispatcherServlet - GET "/images/ananta_logo.png", parameters={}
2025-05-22 16:25:58 [http-nio-8080-exec-5] DEBUG o.s.w.s.h.SimpleUrlHandlerMapping - Mapped to ResourceHttpRequestHandler [classpath [META-INF/resources/], classpath [resources/], classpath [static/], classpath [public/], ServletContext [/]]
2025-05-22 16:25:58 [http-nio-8080-exec-5] DEBUG o.s.web.servlet.DispatcherServlet - Completed 200 OK
2025-05-22 16:25:58 [http-nio-8080-exec-6] DEBUG o.s.web.servlet.DispatcherServlet - GET "/admin/residences/api?page=0&size=10", parameters={masked}
2025-05-22 16:25:58 [http-nio-8080-exec-6] TRACE o.s.w.s.m.m.a.RequestMappingHandlerMapping - Mapped to com.example.society.admin.controller.AdminResidenceController#getFilteredResidences(String, String, String, String, Pageable)
2025-05-22 16:25:58 [http-nio-8080-exec-6] DEBUG o.s.w.s.m.m.a.HttpEntityMethodProcessor - Using 'application/json', given [*/*] and supported [application/json, application/*+json]
2025-05-22 16:25:58 [http-nio-8080-exec-6] DEBUG o.s.w.s.m.m.a.HttpEntityMethodProcessor - Writing [Page 1 of 1 containing com.example.society.dto.ResidenceDTO instances]
2025-05-22 16:25:58 [http-nio-8080-exec-6] DEBUG o.s.web.servlet.DispatcherServlet - Completed 200 OK
2025-05-22 16:26:44 [SpringApplicationShutdownHook] INFO  o.s.b.w.e.tomcat.GracefulShutdown - Commencing graceful shutdown. Waiting for active requests to complete
2025-05-22 16:26:44 [tomcat-shutdown] INFO  o.s.b.w.e.tomcat.GracefulShutdown - Graceful shutdown complete
2025-05-22 16:26:44 [SpringApplicationShutdownHook] INFO  o.s.o.j.LocalContainerEntityManagerFactoryBean - Closing JPA EntityManagerFactory for persistence unit 'default'
2025-05-22 16:26:44 [SpringApplicationShutdownHook] INFO  com.zaxxer.hikari.HikariDataSource - HikariPool-3 - Shutdown initiated...
2025-05-22 16:26:44 [SpringApplicationShutdownHook] INFO  com.zaxxer.hikari.HikariDataSource - HikariPool-3 - Shutdown completed.
