2025-05-13 15:43:12 [http-nio-8080-exec-9] DEBUG o.s.web.servlet.DispatcherServlet - PUT "/api/guest/entry?id=17", parameters={masked}
2025-05-13 15:43:12 [http-nio-8080-exec-9] WARN  o.s.w.s.m.s.DefaultHandlerExceptionResolver - Resolved [org.springframework.web.HttpRequestMethodNotSupportedException: Request method 'PUT' is not supported]
2025-05-13 15:43:12 [http-nio-8080-exec-9] DEBUG o.s.web.servlet.DispatcherServlet - Completed 405 METHOD_NOT_ALLOWED
2025-05-13 15:43:12 [http-nio-8080-exec-9] TRACE o.s.w.s.m.m.a.RequestMappingHandlerMapping - 2 matching mappings: [{ [/error]}, { [/error], produces [text/html]}]
2025-05-13 15:43:43 [http-nio-8080-exec-10] DEBUG o.s.web.servlet.DispatcherServlet - PUT "/api/guest/entry?id=17", parameters={masked}
2025-05-13 15:43:43 [http-nio-8080-exec-10] WARN  o.s.w.s.m.s.DefaultHandlerExceptionResolver - Resolved [org.springframework.web.HttpRequestMethodNotSupportedException: Request method 'PUT' is not supported]
2025-05-13 15:43:43 [http-nio-8080-exec-10] DEBUG o.s.web.servlet.DispatcherServlet - Completed 405 METHOD_NOT_ALLOWED
2025-05-13 15:43:43 [http-nio-8080-exec-10] TRACE o.s.w.s.m.m.a.RequestMappingHandlerMapping - 2 matching mappings: [{ [/error]}, { [/error], produces [text/html]}]
2025-05-13 15:43:50 [http-nio-8080-exec-1] DEBUG o.s.web.servlet.DispatcherServlet - PUT "/api/guest/entry?id=17", parameters={masked}
2025-05-13 15:43:50 [http-nio-8080-exec-1] WARN  o.s.w.s.m.s.DefaultHandlerExceptionResolver - Resolved [org.springframework.web.HttpRequestMethodNotSupportedException: Request method 'PUT' is not supported]
2025-05-13 15:43:50 [http-nio-8080-exec-1] DEBUG o.s.web.servlet.DispatcherServlet - Completed 405 METHOD_NOT_ALLOWED
2025-05-13 15:43:50 [http-nio-8080-exec-1] TRACE o.s.w.s.m.m.a.RequestMappingHandlerMapping - 2 matching mappings: [{ [/error]}, { [/error], produces [text/html]}]
2025-05-13 15:46:53 [SpringApplicationShutdownHook] INFO  o.s.b.w.e.tomcat.GracefulShutdown - Commencing graceful shutdown. Waiting for active requests to complete
2025-05-13 15:46:53 [tomcat-shutdown] INFO  o.s.b.w.e.tomcat.GracefulShutdown - Graceful shutdown complete
2025-05-13 15:46:53 [SpringApplicationShutdownHook] INFO  o.s.o.j.LocalContainerEntityManagerFactoryBean - Closing JPA EntityManagerFactory for persistence unit 'default'
2025-05-13 15:46:53 [SpringApplicationShutdownHook] INFO  com.zaxxer.hikari.HikariDataSource - HikariPool-1 - Shutdown initiated...
2025-05-13 15:46:53 [SpringApplicationShutdownHook] INFO  com.zaxxer.hikari.HikariDataSource - HikariPool-1 - Shutdown completed.
2025-05-13 15:46:58 [background-preinit] INFO  o.h.validator.internal.util.Version - HV000001: Hibernate Validator 8.0.2.Final
2025-05-13 15:46:58 [restartedMain] INFO  c.example.society.SocietyApplication - Starting SocietyApplication using Java 21.0.7 with PID 692242 (/var/www/html/society/target/classes started by basanta.swain in /var/www/html/society)
2025-05-13 15:46:58 [restartedMain] DEBUG c.example.society.SocietyApplication - Running with Spring Boot v3.4.4, Spring v6.2.5
2025-05-13 15:46:58 [restartedMain] INFO  c.example.society.SocietyApplication - No active profile set, falling back to 1 default profile: "default"
2025-05-13 15:46:58 [restartedMain] INFO  o.s.b.d.e.DevToolsPropertyDefaultsPostProcessor - Devtools property defaults active! Set 'spring.devtools.add-properties' to 'false' to disable
2025-05-13 15:46:58 [restartedMain] INFO  o.s.b.d.e.DevToolsPropertyDefaultsPostProcessor - For additional web related logging consider setting the 'logging.level.web' property to 'DEBUG'
2025-05-13 15:46:58 [restartedMain] INFO  o.s.d.r.c.RepositoryConfigurationDelegate - Bootstrapping Spring Data JPA repositories in DEFAULT mode.
2025-05-13 15:46:58 [restartedMain] INFO  o.s.d.r.c.RepositoryConfigurationDelegate - Finished Spring Data repository scanning in 29 ms. Found 7 JPA repository interfaces.
2025-05-13 15:46:59 [restartedMain] INFO  o.s.b.w.e.tomcat.TomcatWebServer - Tomcat initialized with port 8080 (http)
2025-05-13 15:46:59 [restartedMain] INFO  o.a.coyote.http11.Http11NioProtocol - Initializing ProtocolHandler ["http-nio-8080"]
2025-05-13 15:46:59 [restartedMain] INFO  o.a.catalina.core.StandardService - Starting service [Tomcat]
2025-05-13 15:46:59 [restartedMain] INFO  o.a.catalina.core.StandardEngine - Starting Servlet engine: [Apache Tomcat/10.1.39]
2025-05-13 15:46:59 [restartedMain] INFO  o.a.c.c.C.[Tomcat].[localhost].[/] - Initializing Spring embedded WebApplicationContext
2025-05-13 15:46:59 [restartedMain] INFO  o.s.b.w.s.c.ServletWebServerApplicationContext - Root WebApplicationContext: initialization completed in 663 ms
2025-05-13 15:46:59 [restartedMain] DEBUG c.e.s.jwt.JwtAuthenticationFilter - Filter 'jwtAuthenticationFilter' configured for use
2025-05-13 15:46:59 [restartedMain] INFO  o.h.jpa.internal.util.LogHelper - HHH000204: Processing PersistenceUnitInfo [name: default]
2025-05-13 15:46:59 [restartedMain] INFO  org.hibernate.Version - HHH000412: Hibernate ORM core version 6.6.11.Final
2025-05-13 15:46:59 [restartedMain] INFO  o.h.c.i.RegionFactoryInitiator - HHH000026: Second-level cache disabled
2025-05-13 15:46:59 [restartedMain] INFO  o.s.o.j.p.SpringPersistenceUnitInfo - No LoadTimeWeaver setup: ignoring JPA class transformer
2025-05-13 15:46:59 [restartedMain] INFO  com.zaxxer.hikari.HikariDataSource - HikariPool-1 - Starting...
2025-05-13 15:46:59 [restartedMain] INFO  com.zaxxer.hikari.pool.HikariPool - HikariPool-1 - Added connection com.mysql.cj.jdbc.ConnectionImpl@18d4da8b
2025-05-13 15:46:59 [restartedMain] INFO  com.zaxxer.hikari.HikariDataSource - HikariPool-1 - Start completed.
2025-05-13 15:46:59 [restartedMain] WARN  org.hibernate.orm.deprecation - HHH90000025: MySQL8Dialect does not need to be specified explicitly using 'hibernate.dialect' (remove the property setting and it will be selected by default)
2025-05-13 15:46:59 [restartedMain] WARN  org.hibernate.orm.deprecation - HHH90000026: MySQL8Dialect has been deprecated; use org.hibernate.dialect.MySQLDialect instead
2025-05-13 15:46:59 [restartedMain] INFO  o.hibernate.orm.connections.pooling - HHH10001005: Database info:
	Database JDBC URL [Connecting through datasource 'HikariDataSource (HikariPool-1)']
	Database driver: undefined/unknown
	Database version: 8.0
	Autocommit mode: undefined/unknown
	Isolation level: undefined/unknown
	Minimum pool size: undefined/unknown
	Maximum pool size: undefined/unknown
2025-05-13 15:47:00 [restartedMain] INFO  o.h.e.t.j.p.i.JtaPlatformInitiator - HHH000489: No JTA platform available (set 'hibernate.transaction.jta.platform' to enable JTA platform integration)
2025-05-13 15:47:00 [restartedMain] INFO  o.s.o.j.LocalContainerEntityManagerFactoryBean - Initialized JPA EntityManagerFactory for persistence unit 'default'
2025-05-13 15:47:00 [restartedMain] WARN  o.s.b.a.o.j.JpaBaseConfiguration$JpaWebConfiguration - spring.jpa.open-in-view is enabled by default. Therefore, database queries may be performed during view rendering. Explicitly configure spring.jpa.open-in-view to disable this warning
2025-05-13 15:47:00 [restartedMain] TRACE o.s.w.s.m.m.a.RequestMappingHandlerMapping - 
	c.e.s.a.c.AdminAuthController:
	{POST [/api/admin/login]}: login(LoginRequest)
	{POST [/api/admin/register-subadmin]}: registerSubAdmin(SubAdminRegisterRequest)
2025-05-13 15:47:00 [restartedMain] TRACE o.s.w.s.m.m.a.RequestMappingHandlerMapping - 
	c.e.s.c.AuthController:
	{POST [/auth/send-otp]}: sendOtp(Map)
	{POST [/auth/register-resident]}: registerResident(ResidenceRegisterRequest)
	{POST [/auth/verify-otp]}: verifyOtp(OtpRequest)
	{POST [/auth/register]}: register(UserDto)
2025-05-13 15:47:00 [restartedMain] TRACE o.s.w.s.m.m.a.RequestMappingHandlerMapping - 
	c.e.s.c.JwtTestController:
	{GET [/api/test/generate]}: generateToken()
2025-05-13 15:47:00 [restartedMain] TRACE o.s.w.s.m.m.a.RequestMappingHandlerMapping - 
	c.e.s.c.OtpController:
	{GET [/user/send-otp]}: showSendOtpPage()
	{POST [/user/send-otp]}: handleSendOtp(String,Model)
2025-05-13 15:47:00 [restartedMain] TRACE o.s.w.s.m.m.a.RequestMappingHandlerMapping - 
	c.e.s.c.PingController:
	{GET [/ping]}: ping()
2025-05-13 15:47:00 [restartedMain] TRACE o.s.w.s.m.m.a.RequestMappingHandlerMapping - 
	c.e.s.c.ResidenceController:
	{GET [/api/residences]}: getAllResidences()
2025-05-13 15:47:00 [restartedMain] TRACE o.s.w.s.m.m.a.RequestMappingHandlerMapping - 
	c.e.s.c.VisitorController:
	{GET [/api/visitors]}: getVisitors(Long,String,String,String,String,int)
2025-05-13 15:47:00 [restartedMain] TRACE o.s.w.s.m.m.a.RequestMappingHandlerMapping - 
	c.e.s.g.c.GuestVisitController:
	{POST [/api/guest/entry]}: recordGuestEntry(String,GuestVisitRequest)
	{PUT [/api/guest/entry/{id}]}: editGuestEntry(String,Long,GuestVisitRequest)
	{GET [/api/guest/test]}: test()
2025-05-13 15:47:00 [restartedMain] TRACE o.s.w.s.m.m.a.RequestMappingHandlerMapping - 
	o.s.b.a.w.s.e.BasicErrorController:
	{ [/error], produces [text/html]}: errorHtml(HttpServletRequest,HttpServletResponse)
	{ [/error]}: error(HttpServletRequest)
2025-05-13 15:47:00 [restartedMain] DEBUG o.s.w.s.m.m.a.RequestMappingHandlerMapping - 17 mappings in 'requestMappingHandlerMapping'
2025-05-13 15:47:00 [restartedMain] DEBUG o.s.w.s.h.SimpleUrlHandlerMapping - Patterns [/webjars/**, /**] in 'resourceHandlerMapping'
2025-05-13 15:47:00 [restartedMain] DEBUG o.s.w.s.m.m.a.RequestMappingHandlerAdapter - ControllerAdvice beans: 0 @ModelAttribute, 0 @InitBinder, 1 RequestBodyAdvice, 1 ResponseBodyAdvice
2025-05-13 15:47:00 [restartedMain] DEBUG o.s.w.s.m.m.a.ExceptionHandlerExceptionResolver - ControllerAdvice beans: 0 @ExceptionHandler, 1 ResponseBodyAdvice
2025-05-13 15:47:00 [restartedMain] INFO  o.s.b.d.a.OptionalLiveReloadServer - LiveReload server is running on port 35729
2025-05-13 15:47:00 [restartedMain] INFO  o.a.coyote.http11.Http11NioProtocol - Starting ProtocolHandler ["http-nio-8080"]
2025-05-13 15:47:00 [restartedMain] INFO  o.s.b.w.e.tomcat.TomcatWebServer - Tomcat started on port 8080 (http) with context path '/'
2025-05-13 15:47:00 [restartedMain] INFO  c.example.society.SocietyApplication - Started SocietyApplication in 2.344 seconds (process running for 2.528)
2025-05-13 15:47:08 [http-nio-8080-exec-1] INFO  o.a.c.c.C.[Tomcat].[localhost].[/] - Initializing Spring DispatcherServlet 'dispatcherServlet'
2025-05-13 15:47:08 [http-nio-8080-exec-1] INFO  o.s.web.servlet.DispatcherServlet - Initializing Servlet 'dispatcherServlet'
2025-05-13 15:47:08 [http-nio-8080-exec-1] DEBUG o.s.web.servlet.DispatcherServlet - Detected StandardServletMultipartResolver
2025-05-13 15:47:08 [http-nio-8080-exec-1] DEBUG o.s.web.servlet.DispatcherServlet - Detected AcceptHeaderLocaleResolver
2025-05-13 15:47:08 [http-nio-8080-exec-1] DEBUG o.s.web.servlet.DispatcherServlet - Detected FixedThemeResolver
2025-05-13 15:47:08 [http-nio-8080-exec-1] DEBUG o.s.web.servlet.DispatcherServlet - Detected org.springframework.web.servlet.view.DefaultRequestToViewNameTranslator@23ff38d6
2025-05-13 15:47:08 [http-nio-8080-exec-1] DEBUG o.s.web.servlet.DispatcherServlet - Detected org.springframework.web.servlet.support.SessionFlashMapManager@7fd08cdf
2025-05-13 15:47:08 [http-nio-8080-exec-1] DEBUG o.s.web.servlet.DispatcherServlet - enableLoggingRequestDetails='false': request parameters and headers will be masked to prevent unsafe logging of potentially sensitive data
2025-05-13 15:47:08 [http-nio-8080-exec-1] INFO  o.s.web.servlet.DispatcherServlet - Completed initialization in 1 ms
2025-05-13 15:47:08 [http-nio-8080-exec-1] DEBUG o.s.web.servlet.DispatcherServlet - GET "/user/resident-entry.html?editId=17&token=eyJhbGciOiJIUzUxMiJ9.eyJzdWIiOiI5OTcxNTMwOTY2IiwiaWF0IjoxNzQ3MTMwODY5LCJleHAiOjE3NDcxMzQ0Njl9.x2_DYKFJdogwYtVM0UVm8iGR5e4zT8cA8W9zC-rok9s731IeklctjwQ1dknVS6Vx204Hfh-PnY3jPao2p_hAEg", parameters={masked}
2025-05-13 15:47:08 [http-nio-8080-exec-1] DEBUG o.s.w.s.h.SimpleUrlHandlerMapping - Mapped to ResourceHttpRequestHandler [classpath [META-INF/resources/], classpath [resources/], classpath [static/], classpath [public/], ServletContext [/]]
2025-05-13 15:47:08 [http-nio-8080-exec-1] DEBUG o.s.web.servlet.DispatcherServlet - Completed 200 OK
2025-05-13 15:47:08 [http-nio-8080-exec-2] TRACE o.s.w.s.m.m.a.RequestMappingHandlerMapping - 2 matching mappings: [{ [/error]}, { [/error], produces [text/html]}]
2025-05-13 15:47:08 [http-nio-8080-exec-3] DEBUG o.s.web.servlet.DispatcherServlet - GET "/api/visitors?id=17", parameters={masked}
2025-05-13 15:47:08 [http-nio-8080-exec-3] TRACE o.s.w.s.m.m.a.RequestMappingHandlerMapping - Mapped to com.example.society.controller.VisitorController#getVisitors(Long, String, String, String, String, int)
2025-05-13 15:47:08 [http-nio-8080-exec-3] DEBUG o.s.w.s.m.m.a.HttpEntityMethodProcessor - Using 'application/json', given [*/*] and supported [application/json, application/*+json]
2025-05-13 15:47:08 [http-nio-8080-exec-3] DEBUG o.s.w.s.m.m.a.HttpEntityMethodProcessor - Writing [{visitors=[Visitor(id=17, guestName=test one, mobile=9337745809, flatNumber=a4, buildingNumber=c1, v (truncated)...]
2025-05-13 15:47:08 [http-nio-8080-exec-3] DEBUG o.s.web.servlet.DispatcherServlet - Completed 200 OK
2025-05-13 15:47:15 [http-nio-8080-exec-4] DEBUG o.s.web.servlet.DispatcherServlet - PUT "/api/guest/entry/17", parameters={}
2025-05-13 15:47:15 [http-nio-8080-exec-4] TRACE o.s.w.s.m.m.a.RequestMappingHandlerMapping - Mapped to com.example.society.guest.controller.GuestVisitController#editGuestEntry(String, Long, GuestVisitRequest)
2025-05-13 15:47:15 [http-nio-8080-exec-4] DEBUG o.s.w.s.m.m.a.RequestResponseBodyMethodProcessor - Read "application/json;charset=UTF-8" to [GuestVisitRequest(guestName=hello, mobile=, flatNumber=, buildingNumber=, visitPurpose=)]
2025-05-13 15:47:15 [http-nio-8080-exec-4] INFO  c.e.s.g.c.GuestVisitController - Received request to edit guest entry with ID: 17
2025-05-13 15:47:15 [http-nio-8080-exec-4] DEBUG c.e.s.g.c.GuestVisitController - Authenticated user mobile from token: 9971530966
2025-05-13 15:47:15 [http-nio-8080-exec-4] INFO  c.e.s.g.c.GuestVisitController - Guest entry updated for: hello
2025-05-13 15:47:15 [http-nio-8080-exec-4] DEBUG o.s.w.s.m.m.a.HttpEntityMethodProcessor - Using 'application/json', given [*/*] and supported [application/json, application/*+json]
2025-05-13 15:47:15 [http-nio-8080-exec-4] DEBUG o.s.w.s.m.m.a.HttpEntityMethodProcessor - Writing [{message=Guest entry updated successfully, success=true, data=Visitor(id=17, guestName=hello, mobile (truncated)...]
2025-05-13 15:47:15 [http-nio-8080-exec-4] DEBUG o.s.web.servlet.DispatcherServlet - Completed 200 OK
2025-05-13 15:47:18 [http-nio-8080-exec-5] DEBUG o.s.web.servlet.DispatcherServlet - GET "/user/visitors-listing.html?token=eyJhbGciOiJIUzUxMiJ9.eyJzdWIiOiI5OTcxNTMwOTY2IiwiaWF0IjoxNzQ3MTMwODY5LCJleHAiOjE3NDcxMzQ0Njl9.x2_DYKFJdogwYtVM0UVm8iGR5e4zT8cA8W9zC-rok9s731IeklctjwQ1dknVS6Vx204Hfh-PnY3jPao2p_hAEg", parameters={masked}
2025-05-13 15:47:18 [http-nio-8080-exec-5] DEBUG o.s.w.s.h.SimpleUrlHandlerMapping - Mapped to ResourceHttpRequestHandler [classpath [META-INF/resources/], classpath [resources/], classpath [static/], classpath [public/], ServletContext [/]]
2025-05-13 15:47:18 [http-nio-8080-exec-5] DEBUG o.s.web.servlet.DispatcherServlet - Completed 200 OK
2025-05-13 15:47:18 [http-nio-8080-exec-6] TRACE o.s.w.s.m.m.a.RequestMappingHandlerMapping - 2 matching mappings: [{ [/error]}, { [/error], produces [text/html]}]
2025-05-13 15:47:18 [http-nio-8080-exec-7] DEBUG o.s.web.servlet.DispatcherServlet - GET "/api/visitors?page=0", parameters={masked}
2025-05-13 15:47:18 [http-nio-8080-exec-7] TRACE o.s.w.s.m.m.a.RequestMappingHandlerMapping - Mapped to com.example.society.controller.VisitorController#getVisitors(Long, String, String, String, String, int)
2025-05-13 15:47:18 [http-nio-8080-exec-7] DEBUG o.s.w.s.m.m.a.HttpEntityMethodProcessor - Using 'application/json', given [*/*] and supported [application/json, application/*+json]
2025-05-13 15:47:18 [http-nio-8080-exec-7] DEBUG o.s.w.s.m.m.a.HttpEntityMethodProcessor - Writing [{visitors=[Visitor(id=17, guestName=hello, mobile=, flatNumber=, buildingNumber=, visitPurpose=, vis (truncated)...]
2025-05-13 15:47:18 [http-nio-8080-exec-7] DEBUG o.s.web.servlet.DispatcherServlet - Completed 200 OK
2025-05-13 15:47:21 [http-nio-8080-exec-8] DEBUG o.s.web.servlet.DispatcherServlet - GET "/user/resident-entry.html?token=eyJhbGciOiJIUzUxMiJ9.eyJzdWIiOiI5OTcxNTMwOTY2IiwiaWF0IjoxNzQ3MTMwODY5LCJleHAiOjE3NDcxMzQ0Njl9.x2_DYKFJdogwYtVM0UVm8iGR5e4zT8cA8W9zC-rok9s731IeklctjwQ1dknVS6Vx204Hfh-PnY3jPao2p_hAEg", parameters={masked}
2025-05-13 15:47:21 [http-nio-8080-exec-8] DEBUG o.s.w.s.h.SimpleUrlHandlerMapping - Mapped to ResourceHttpRequestHandler [classpath [META-INF/resources/], classpath [resources/], classpath [static/], classpath [public/], ServletContext [/]]
2025-05-13 15:47:21 [http-nio-8080-exec-8] DEBUG o.s.web.servlet.DispatcherServlet - Completed 200 OK
2025-05-13 15:47:21 [http-nio-8080-exec-9] TRACE o.s.w.s.m.m.a.RequestMappingHandlerMapping - 2 matching mappings: [{ [/error]}, { [/error], produces [text/html]}]
2025-05-13 15:47:39 [http-nio-8080-exec-10] DEBUG o.s.web.servlet.DispatcherServlet - GET "/user/visitors-listing.html?token=eyJhbGciOiJIUzUxMiJ9.eyJzdWIiOiI5OTcxNTMwOTY2IiwiaWF0IjoxNzQ3MTMwODY5LCJleHAiOjE3NDcxMzQ0Njl9.x2_DYKFJdogwYtVM0UVm8iGR5e4zT8cA8W9zC-rok9s731IeklctjwQ1dknVS6Vx204Hfh-PnY3jPao2p_hAEg", parameters={masked}
2025-05-13 15:47:39 [http-nio-8080-exec-10] DEBUG o.s.w.s.h.SimpleUrlHandlerMapping - Mapped to ResourceHttpRequestHandler [classpath [META-INF/resources/], classpath [resources/], classpath [static/], classpath [public/], ServletContext [/]]
2025-05-13 15:47:39 [http-nio-8080-exec-10] DEBUG o.s.web.servlet.DispatcherServlet - Completed 200 OK
2025-05-13 15:47:39 [http-nio-8080-exec-1] TRACE o.s.w.s.m.m.a.RequestMappingHandlerMapping - 2 matching mappings: [{ [/error]}, { [/error], produces [text/html]}]
2025-05-13 15:47:39 [http-nio-8080-exec-2] DEBUG o.s.web.servlet.DispatcherServlet - GET "/api/visitors?page=0", parameters={masked}
2025-05-13 15:47:39 [http-nio-8080-exec-2] TRACE o.s.w.s.m.m.a.RequestMappingHandlerMapping - Mapped to com.example.society.controller.VisitorController#getVisitors(Long, String, String, String, String, int)
2025-05-13 15:47:39 [http-nio-8080-exec-2] DEBUG o.s.w.s.m.m.a.HttpEntityMethodProcessor - Using 'application/json', given [*/*] and supported [application/json, application/*+json]
2025-05-13 15:47:39 [http-nio-8080-exec-2] DEBUG o.s.w.s.m.m.a.HttpEntityMethodProcessor - Writing [{visitors=[Visitor(id=17, guestName=hello, mobile=, flatNumber=, buildingNumber=, visitPurpose=, vis (truncated)...]
2025-05-13 15:47:39 [http-nio-8080-exec-2] DEBUG o.s.web.servlet.DispatcherServlet - Completed 200 OK
2025-05-13 15:47:41 [http-nio-8080-exec-3] DEBUG o.s.web.servlet.DispatcherServlet - GET "/api/visitors?id=17", parameters={masked}
2025-05-13 15:47:41 [http-nio-8080-exec-3] TRACE o.s.w.s.m.m.a.RequestMappingHandlerMapping - Mapped to com.example.society.controller.VisitorController#getVisitors(Long, String, String, String, String, int)
2025-05-13 15:47:41 [http-nio-8080-exec-3] DEBUG o.s.w.s.m.m.a.HttpEntityMethodProcessor - Using 'application/json', given [*/*] and supported [application/json, application/*+json]
2025-05-13 15:47:41 [http-nio-8080-exec-3] DEBUG o.s.w.s.m.m.a.HttpEntityMethodProcessor - Writing [{visitors=[Visitor(id=17, guestName=hello, mobile=, flatNumber=, buildingNumber=, visitPurpose=, vis (truncated)...]
2025-05-13 15:47:41 [http-nio-8080-exec-3] DEBUG o.s.web.servlet.DispatcherServlet - Completed 200 OK
2025-05-13 15:47:41 [http-nio-8080-exec-4] DEBUG o.s.web.servlet.DispatcherServlet - GET "/user/resident-entry.html?editId=17&token=eyJhbGciOiJIUzUxMiJ9.eyJzdWIiOiI5OTcxNTMwOTY2IiwiaWF0IjoxNzQ3MTMwODY5LCJleHAiOjE3NDcxMzQ0Njl9.x2_DYKFJdogwYtVM0UVm8iGR5e4zT8cA8W9zC-rok9s731IeklctjwQ1dknVS6Vx204Hfh-PnY3jPao2p_hAEg", parameters={masked}
2025-05-13 15:47:41 [http-nio-8080-exec-4] DEBUG o.s.w.s.h.SimpleUrlHandlerMapping - Mapped to ResourceHttpRequestHandler [classpath [META-INF/resources/], classpath [resources/], classpath [static/], classpath [public/], ServletContext [/]]
2025-05-13 15:47:41 [http-nio-8080-exec-4] DEBUG o.s.web.servlet.DispatcherServlet - Completed 200 OK
2025-05-13 15:47:41 [http-nio-8080-exec-5] TRACE o.s.w.s.m.m.a.RequestMappingHandlerMapping - 2 matching mappings: [{ [/error]}, { [/error], produces [text/html]}]
2025-05-13 15:47:41 [http-nio-8080-exec-6] DEBUG o.s.web.servlet.DispatcherServlet - GET "/api/visitors?id=17", parameters={masked}
2025-05-13 15:47:41 [http-nio-8080-exec-6] TRACE o.s.w.s.m.m.a.RequestMappingHandlerMapping - Mapped to com.example.society.controller.VisitorController#getVisitors(Long, String, String, String, String, int)
2025-05-13 15:47:41 [http-nio-8080-exec-6] DEBUG o.s.w.s.m.m.a.HttpEntityMethodProcessor - Using 'application/json', given [*/*] and supported [application/json, application/*+json]
2025-05-13 15:47:41 [http-nio-8080-exec-6] DEBUG o.s.w.s.m.m.a.HttpEntityMethodProcessor - Writing [{visitors=[Visitor(id=17, guestName=hello, mobile=, flatNumber=, buildingNumber=, visitPurpose=, vis (truncated)...]
2025-05-13 15:47:41 [http-nio-8080-exec-6] DEBUG o.s.web.servlet.DispatcherServlet - Completed 200 OK
2025-05-13 15:48:55 [http-nio-8080-exec-10] DEBUG o.s.web.servlet.DispatcherServlet - GET "/api/visitors?id=12", parameters={masked}
2025-05-13 15:48:55 [http-nio-8080-exec-10] TRACE o.s.w.s.m.m.a.RequestMappingHandlerMapping - Mapped to com.example.society.controller.VisitorController#getVisitors(Long, String, String, String, String, int)
2025-05-13 15:48:55 [http-nio-8080-exec-10] DEBUG o.s.w.s.m.m.a.HttpEntityMethodProcessor - Using 'application/json', given [*/*] and supported [application/json, application/*+json]
2025-05-13 15:48:55 [http-nio-8080-exec-10] DEBUG o.s.w.s.m.m.a.HttpEntityMethodProcessor - Writing [{visitors=[Visitor(id=12, guestName=Hello Doe, mobile=9876543210, flatNumber=A-302, buildingNumber=T (truncated)...]
2025-05-13 15:48:55 [http-nio-8080-exec-10] DEBUG o.s.web.servlet.DispatcherServlet - Completed 200 OK
2025-05-13 15:49:02 [http-nio-8080-exec-1] DEBUG o.s.web.servlet.DispatcherServlet - GET "/api/visitors?id=17", parameters={masked}
2025-05-13 15:49:02 [http-nio-8080-exec-1] TRACE o.s.w.s.m.m.a.RequestMappingHandlerMapping - Mapped to com.example.society.controller.VisitorController#getVisitors(Long, String, String, String, String, int)
2025-05-13 15:49:02 [http-nio-8080-exec-1] DEBUG o.s.w.s.m.m.a.HttpEntityMethodProcessor - Using 'application/json', given [*/*] and supported [application/json, application/*+json]
2025-05-13 15:49:02 [http-nio-8080-exec-1] DEBUG o.s.w.s.m.m.a.HttpEntityMethodProcessor - Writing [{visitors=[Visitor(id=17, guestName=hello, mobile=, flatNumber=, buildingNumber=, visitPurpose=, vis (truncated)...]
2025-05-13 15:49:02 [http-nio-8080-exec-1] DEBUG o.s.web.servlet.DispatcherServlet - Completed 200 OK
2025-05-13 15:54:15 [SpringApplicationShutdownHook] INFO  o.s.b.w.e.tomcat.GracefulShutdown - Commencing graceful shutdown. Waiting for active requests to complete
2025-05-13 15:54:15 [tomcat-shutdown] INFO  o.s.b.w.e.tomcat.GracefulShutdown - Graceful shutdown complete
2025-05-13 15:54:15 [SpringApplicationShutdownHook] INFO  o.s.o.j.LocalContainerEntityManagerFactoryBean - Closing JPA EntityManagerFactory for persistence unit 'default'
2025-05-13 15:54:15 [SpringApplicationShutdownHook] INFO  com.zaxxer.hikari.HikariDataSource - HikariPool-1 - Shutdown initiated...
2025-05-13 15:54:15 [SpringApplicationShutdownHook] INFO  com.zaxxer.hikari.HikariDataSource - HikariPool-1 - Shutdown completed.
2025-05-13 15:54:21 [background-preinit] INFO  o.h.validator.internal.util.Version - HV000001: Hibernate Validator 8.0.2.Final
2025-05-13 15:54:21 [restartedMain] INFO  c.example.society.SocietyApplication - Starting SocietyApplication using Java 21.0.7 with PID 695338 (/var/www/html/society/target/classes started by basanta.swain in /var/www/html/society)
2025-05-13 15:54:21 [restartedMain] DEBUG c.example.society.SocietyApplication - Running with Spring Boot v3.4.4, Spring v6.2.5
2025-05-13 15:54:21 [restartedMain] INFO  c.example.society.SocietyApplication - No active profile set, falling back to 1 default profile: "default"
2025-05-13 15:54:21 [restartedMain] INFO  o.s.b.d.e.DevToolsPropertyDefaultsPostProcessor - Devtools property defaults active! Set 'spring.devtools.add-properties' to 'false' to disable
2025-05-13 15:54:21 [restartedMain] INFO  o.s.b.d.e.DevToolsPropertyDefaultsPostProcessor - For additional web related logging consider setting the 'logging.level.web' property to 'DEBUG'
2025-05-13 15:54:21 [restartedMain] INFO  o.s.d.r.c.RepositoryConfigurationDelegate - Bootstrapping Spring Data JPA repositories in DEFAULT mode.
2025-05-13 15:54:21 [restartedMain] INFO  o.s.d.r.c.RepositoryConfigurationDelegate - Finished Spring Data repository scanning in 31 ms. Found 7 JPA repository interfaces.
2025-05-13 15:54:21 [restartedMain] INFO  o.s.b.w.e.tomcat.TomcatWebServer - Tomcat initialized with port 8080 (http)
2025-05-13 15:54:21 [restartedMain] INFO  o.a.coyote.http11.Http11NioProtocol - Initializing ProtocolHandler ["http-nio-8080"]
2025-05-13 15:54:21 [restartedMain] INFO  o.a.catalina.core.StandardService - Starting service [Tomcat]
2025-05-13 15:54:21 [restartedMain] INFO  o.a.catalina.core.StandardEngine - Starting Servlet engine: [Apache Tomcat/10.1.39]
2025-05-13 15:54:21 [restartedMain] INFO  o.a.c.c.C.[Tomcat].[localhost].[/] - Initializing Spring embedded WebApplicationContext
2025-05-13 15:54:21 [restartedMain] INFO  o.s.b.w.s.c.ServletWebServerApplicationContext - Root WebApplicationContext: initialization completed in 665 ms
2025-05-13 15:54:21 [restartedMain] DEBUG c.e.s.jwt.JwtAuthenticationFilter - Filter 'jwtAuthenticationFilter' configured for use
2025-05-13 15:54:21 [restartedMain] INFO  o.h.jpa.internal.util.LogHelper - HHH000204: Processing PersistenceUnitInfo [name: default]
2025-05-13 15:54:21 [restartedMain] INFO  org.hibernate.Version - HHH000412: Hibernate ORM core version 6.6.11.Final
2025-05-13 15:54:21 [restartedMain] INFO  o.h.c.i.RegionFactoryInitiator - HHH000026: Second-level cache disabled
2025-05-13 15:54:22 [restartedMain] INFO  o.s.o.j.p.SpringPersistenceUnitInfo - No LoadTimeWeaver setup: ignoring JPA class transformer
2025-05-13 15:54:22 [restartedMain] INFO  com.zaxxer.hikari.HikariDataSource - HikariPool-1 - Starting...
2025-05-13 15:54:22 [restartedMain] INFO  com.zaxxer.hikari.pool.HikariPool - HikariPool-1 - Added connection com.mysql.cj.jdbc.ConnectionImpl@78056156
2025-05-13 15:54:22 [restartedMain] INFO  com.zaxxer.hikari.HikariDataSource - HikariPool-1 - Start completed.
2025-05-13 15:54:22 [restartedMain] WARN  org.hibernate.orm.deprecation - HHH90000025: MySQL8Dialect does not need to be specified explicitly using 'hibernate.dialect' (remove the property setting and it will be selected by default)
2025-05-13 15:54:22 [restartedMain] WARN  org.hibernate.orm.deprecation - HHH90000026: MySQL8Dialect has been deprecated; use org.hibernate.dialect.MySQLDialect instead
2025-05-13 15:54:22 [restartedMain] INFO  o.hibernate.orm.connections.pooling - HHH10001005: Database info:
	Database JDBC URL [Connecting through datasource 'HikariDataSource (HikariPool-1)']
	Database driver: undefined/unknown
	Database version: 8.0
	Autocommit mode: undefined/unknown
	Isolation level: undefined/unknown
	Minimum pool size: undefined/unknown
	Maximum pool size: undefined/unknown
2025-05-13 15:54:22 [restartedMain] INFO  o.h.e.t.j.p.i.JtaPlatformInitiator - HHH000489: No JTA platform available (set 'hibernate.transaction.jta.platform' to enable JTA platform integration)
2025-05-13 15:54:22 [restartedMain] INFO  o.s.o.j.LocalContainerEntityManagerFactoryBean - Initialized JPA EntityManagerFactory for persistence unit 'default'
2025-05-13 15:54:22 [restartedMain] WARN  o.s.b.a.o.j.JpaBaseConfiguration$JpaWebConfiguration - spring.jpa.open-in-view is enabled by default. Therefore, database queries may be performed during view rendering. Explicitly configure spring.jpa.open-in-view to disable this warning
2025-05-13 15:54:23 [restartedMain] TRACE o.s.w.s.m.m.a.RequestMappingHandlerMapping - 
	c.e.s.a.c.AdminAuthController:
	{POST [/api/admin/login]}: login(LoginRequest)
	{POST [/api/admin/register-subadmin]}: registerSubAdmin(SubAdminRegisterRequest)
2025-05-13 15:54:23 [restartedMain] TRACE o.s.w.s.m.m.a.RequestMappingHandlerMapping - 
	c.e.s.c.AuthController:
	{POST [/auth/send-otp]}: sendOtp(Map)
	{POST [/auth/register-resident]}: registerResident(ResidenceRegisterRequest)
	{POST [/auth/verify-otp]}: verifyOtp(OtpRequest)
	{POST [/auth/register]}: register(UserDto)
2025-05-13 15:54:23 [restartedMain] TRACE o.s.w.s.m.m.a.RequestMappingHandlerMapping - 
	c.e.s.c.JwtTestController:
	{GET [/api/test/generate]}: generateToken()
2025-05-13 15:54:23 [restartedMain] TRACE o.s.w.s.m.m.a.RequestMappingHandlerMapping - 
	c.e.s.c.OtpController:
	{GET [/user/send-otp]}: showSendOtpPage()
	{POST [/user/send-otp]}: handleSendOtp(String,Model)
2025-05-13 15:54:23 [restartedMain] TRACE o.s.w.s.m.m.a.RequestMappingHandlerMapping - 
	c.e.s.c.PingController:
	{GET [/ping]}: ping()
2025-05-13 15:54:23 [restartedMain] TRACE o.s.w.s.m.m.a.RequestMappingHandlerMapping - 
	c.e.s.c.ResidenceController:
	{GET [/api/residences]}: getAllResidences()
2025-05-13 15:54:23 [restartedMain] TRACE o.s.w.s.m.m.a.RequestMappingHandlerMapping - 
	c.e.s.c.VisitorController:
	{GET [/api/visitors]}: getVisitors(Long,String,String,String,String,int)
2025-05-13 15:54:23 [restartedMain] TRACE o.s.w.s.m.m.a.RequestMappingHandlerMapping - 
	c.e.s.g.c.GuestVisitController:
	{POST [/api/guest/entry]}: recordGuestEntry(String,GuestVisitRequest)
	{PUT [/api/guest/entry/{id}]}: editGuestEntry(String,Long,GuestVisitRequest)
	{GET [/api/guest/test]}: test()
2025-05-13 15:54:23 [restartedMain] TRACE o.s.w.s.m.m.a.RequestMappingHandlerMapping - 
	o.s.b.a.w.s.e.BasicErrorController:
	{ [/error], produces [text/html]}: errorHtml(HttpServletRequest,HttpServletResponse)
	{ [/error]}: error(HttpServletRequest)
2025-05-13 15:54:23 [restartedMain] DEBUG o.s.w.s.m.m.a.RequestMappingHandlerMapping - 17 mappings in 'requestMappingHandlerMapping'
2025-05-13 15:54:23 [restartedMain] DEBUG o.s.w.s.h.SimpleUrlHandlerMapping - Patterns [/webjars/**, /**] in 'resourceHandlerMapping'
2025-05-13 15:54:23 [restartedMain] DEBUG o.s.w.s.m.m.a.RequestMappingHandlerAdapter - ControllerAdvice beans: 0 @ModelAttribute, 0 @InitBinder, 1 RequestBodyAdvice, 1 ResponseBodyAdvice
2025-05-13 15:54:23 [restartedMain] DEBUG o.s.w.s.m.m.a.ExceptionHandlerExceptionResolver - ControllerAdvice beans: 0 @ExceptionHandler, 1 ResponseBodyAdvice
2025-05-13 15:54:23 [restartedMain] INFO  o.s.b.d.a.OptionalLiveReloadServer - LiveReload server is running on port 35729
2025-05-13 15:54:23 [restartedMain] INFO  o.a.coyote.http11.Http11NioProtocol - Starting ProtocolHandler ["http-nio-8080"]
2025-05-13 15:54:23 [restartedMain] INFO  o.s.b.w.e.tomcat.TomcatWebServer - Tomcat started on port 8080 (http) with context path '/'
2025-05-13 15:54:23 [restartedMain] INFO  c.example.society.SocietyApplication - Started SocietyApplication in 2.368 seconds (process running for 2.548)
2025-05-13 15:54:35 [http-nio-8080-exec-1] INFO  o.a.c.c.C.[Tomcat].[localhost].[/] - Initializing Spring DispatcherServlet 'dispatcherServlet'
2025-05-13 15:54:35 [http-nio-8080-exec-1] INFO  o.s.web.servlet.DispatcherServlet - Initializing Servlet 'dispatcherServlet'
2025-05-13 15:54:35 [http-nio-8080-exec-1] DEBUG o.s.web.servlet.DispatcherServlet - Detected StandardServletMultipartResolver
2025-05-13 15:54:35 [http-nio-8080-exec-1] DEBUG o.s.web.servlet.DispatcherServlet - Detected AcceptHeaderLocaleResolver
2025-05-13 15:54:35 [http-nio-8080-exec-1] DEBUG o.s.web.servlet.DispatcherServlet - Detected FixedThemeResolver
2025-05-13 15:54:35 [http-nio-8080-exec-1] DEBUG o.s.web.servlet.DispatcherServlet - Detected org.springframework.web.servlet.view.DefaultRequestToViewNameTranslator@b4fbb9f
2025-05-13 15:54:35 [http-nio-8080-exec-1] DEBUG o.s.web.servlet.DispatcherServlet - Detected org.springframework.web.servlet.support.SessionFlashMapManager@315ac992
2025-05-13 15:54:35 [http-nio-8080-exec-1] DEBUG o.s.web.servlet.DispatcherServlet - enableLoggingRequestDetails='false': request parameters and headers will be masked to prevent unsafe logging of potentially sensitive data
2025-05-13 15:54:35 [http-nio-8080-exec-1] INFO  o.s.web.servlet.DispatcherServlet - Completed initialization in 2 ms
2025-05-13 15:54:35 [http-nio-8080-exec-1] DEBUG o.s.web.servlet.DispatcherServlet - GET "/user/resident-entry.html?editId=17&token=eyJhbGciOiJIUzUxMiJ9.eyJzdWIiOiI5OTcxNTMwOTY2IiwiaWF0IjoxNzQ3MTMwODY5LCJleHAiOjE3NDcxMzQ0Njl9.x2_DYKFJdogwYtVM0UVm8iGR5e4zT8cA8W9zC-rok9s731IeklctjwQ1dknVS6Vx204Hfh-PnY3jPao2p_hAEg", parameters={masked}
2025-05-13 15:54:35 [http-nio-8080-exec-1] DEBUG o.s.w.s.h.SimpleUrlHandlerMapping - Mapped to ResourceHttpRequestHandler [classpath [META-INF/resources/], classpath [resources/], classpath [static/], classpath [public/], ServletContext [/]]
2025-05-13 15:54:35 [http-nio-8080-exec-1] DEBUG o.s.web.servlet.DispatcherServlet - Completed 200 OK
2025-05-13 15:54:36 [http-nio-8080-exec-2] TRACE o.s.w.s.m.m.a.RequestMappingHandlerMapping - 2 matching mappings: [{ [/error]}, { [/error], produces [text/html]}]
2025-05-13 15:54:36 [http-nio-8080-exec-3] DEBUG o.s.web.servlet.DispatcherServlet - GET "/api/visitors?id=17", parameters={masked}
2025-05-13 15:54:36 [http-nio-8080-exec-3] TRACE o.s.w.s.m.m.a.RequestMappingHandlerMapping - Mapped to com.example.society.controller.VisitorController#getVisitors(Long, String, String, String, String, int)
2025-05-13 15:54:36 [http-nio-8080-exec-3] DEBUG o.s.w.s.m.m.a.HttpEntityMethodProcessor - Using 'application/json', given [*/*] and supported [application/json, application/*+json]
2025-05-13 15:54:36 [http-nio-8080-exec-3] DEBUG o.s.w.s.m.m.a.HttpEntityMethodProcessor - Writing [{visitors=[Visitor(id=17, guestName=hello, mobile=, flatNumber=, buildingNumber=, visitPurpose=, vis (truncated)...]
2025-05-13 15:54:36 [http-nio-8080-exec-3] DEBUG o.s.web.servlet.DispatcherServlet - Completed 200 OK
2025-05-13 15:54:47 [http-nio-8080-exec-4] DEBUG o.s.web.servlet.DispatcherServlet - PUT "/api/guest/entry/17", parameters={}
2025-05-13 15:54:47 [http-nio-8080-exec-4] TRACE o.s.w.s.m.m.a.RequestMappingHandlerMapping - Mapped to com.example.society.guest.controller.GuestVisitController#editGuestEntry(String, Long, GuestVisitRequest)
2025-05-13 15:54:47 [http-nio-8080-exec-4] DEBUG o.s.w.s.m.m.a.RequestResponseBodyMethodProcessor - Read "application/json;charset=UTF-8" to [GuestVisitRequest(guestName=hello, mobile=9971530966, flatNumber=fgdsgf, buildingNumber=gsdgsd, visi (truncated)...]
2025-05-13 15:54:47 [http-nio-8080-exec-4] INFO  c.e.s.g.c.GuestVisitController - Received request to edit guest entry with ID: 17
2025-05-13 15:54:47 [http-nio-8080-exec-4] DEBUG c.e.s.g.c.GuestVisitController - Authenticated user mobile from token: 9971530966
2025-05-13 15:54:47 [http-nio-8080-exec-4] INFO  c.e.s.g.c.GuestVisitController - Guest entry updated for: hello
2025-05-13 15:54:47 [http-nio-8080-exec-4] DEBUG o.s.w.s.m.m.a.HttpEntityMethodProcessor - Using 'application/json', given [*/*] and supported [application/json, application/*+json]
2025-05-13 15:54:47 [http-nio-8080-exec-4] DEBUG o.s.w.s.m.m.a.HttpEntityMethodProcessor - Writing [{message=Guest entry updated successfully, success=true, data=Visitor(id=17, guestName=hello, mobile (truncated)...]
2025-05-13 15:54:47 [http-nio-8080-exec-4] DEBUG o.s.web.servlet.DispatcherServlet - Completed 200 OK
2025-05-13 15:54:49 [http-nio-8080-exec-5] DEBUG o.s.web.servlet.DispatcherServlet - GET "/user/visitors-listing.html?token=eyJhbGciOiJIUzUxMiJ9.eyJzdWIiOiI5OTcxNTMwOTY2IiwiaWF0IjoxNzQ3MTMwODY5LCJleHAiOjE3NDcxMzQ0Njl9.x2_DYKFJdogwYtVM0UVm8iGR5e4zT8cA8W9zC-rok9s731IeklctjwQ1dknVS6Vx204Hfh-PnY3jPao2p_hAEg", parameters={masked}
2025-05-13 15:54:49 [http-nio-8080-exec-5] DEBUG o.s.w.s.h.SimpleUrlHandlerMapping - Mapped to ResourceHttpRequestHandler [classpath [META-INF/resources/], classpath [resources/], classpath [static/], classpath [public/], ServletContext [/]]
2025-05-13 15:54:49 [http-nio-8080-exec-5] DEBUG o.s.web.servlet.DispatcherServlet - Completed 200 OK
2025-05-13 15:54:49 [http-nio-8080-exec-6] TRACE o.s.w.s.m.m.a.RequestMappingHandlerMapping - 2 matching mappings: [{ [/error]}, { [/error], produces [text/html]}]
2025-05-13 15:54:49 [http-nio-8080-exec-7] DEBUG o.s.web.servlet.DispatcherServlet - GET "/api/visitors?page=0", parameters={masked}
2025-05-13 15:54:49 [http-nio-8080-exec-7] TRACE o.s.w.s.m.m.a.RequestMappingHandlerMapping - Mapped to com.example.society.controller.VisitorController#getVisitors(Long, String, String, String, String, int)
2025-05-13 15:54:49 [http-nio-8080-exec-7] DEBUG o.s.w.s.m.m.a.HttpEntityMethodProcessor - Using 'application/json', given [*/*] and supported [application/json, application/*+json]
2025-05-13 15:54:49 [http-nio-8080-exec-7] DEBUG o.s.w.s.m.m.a.HttpEntityMethodProcessor - Writing [{visitors=[Visitor(id=17, guestName=hello, mobile=9971530966, flatNumber=fgdsgf, buildingNumber=gsdg (truncated)...]
2025-05-13 15:54:49 [http-nio-8080-exec-7] DEBUG o.s.web.servlet.DispatcherServlet - Completed 200 OK
2025-05-13 15:54:54 [http-nio-8080-exec-8] DEBUG o.s.web.servlet.DispatcherServlet - GET "/api/visitors?id=16", parameters={masked}
2025-05-13 15:54:54 [http-nio-8080-exec-8] TRACE o.s.w.s.m.m.a.RequestMappingHandlerMapping - Mapped to com.example.society.controller.VisitorController#getVisitors(Long, String, String, String, String, int)
2025-05-13 15:54:54 [http-nio-8080-exec-8] DEBUG o.s.w.s.m.m.a.HttpEntityMethodProcessor - Using 'application/json', given [*/*] and supported [application/json, application/*+json]
2025-05-13 15:54:54 [http-nio-8080-exec-8] DEBUG o.s.w.s.m.m.a.HttpEntityMethodProcessor - Writing [{visitors=[Visitor(id=16, guestName=theree, mobile=, flatNumber=, buildingNumber=, visitPurpose=, vi (truncated)...]
2025-05-13 15:54:54 [http-nio-8080-exec-8] DEBUG o.s.web.servlet.DispatcherServlet - Completed 200 OK
2025-05-13 15:54:54 [http-nio-8080-exec-9] DEBUG o.s.web.servlet.DispatcherServlet - GET "/user/resident-entry.html?editId=16&token=eyJhbGciOiJIUzUxMiJ9.eyJzdWIiOiI5OTcxNTMwOTY2IiwiaWF0IjoxNzQ3MTMwODY5LCJleHAiOjE3NDcxMzQ0Njl9.x2_DYKFJdogwYtVM0UVm8iGR5e4zT8cA8W9zC-rok9s731IeklctjwQ1dknVS6Vx204Hfh-PnY3jPao2p_hAEg", parameters={masked}
2025-05-13 15:54:54 [http-nio-8080-exec-9] DEBUG o.s.w.s.h.SimpleUrlHandlerMapping - Mapped to ResourceHttpRequestHandler [classpath [META-INF/resources/], classpath [resources/], classpath [static/], classpath [public/], ServletContext [/]]
2025-05-13 15:54:54 [http-nio-8080-exec-9] DEBUG o.s.web.servlet.DispatcherServlet - Completed 200 OK
2025-05-13 15:54:54 [http-nio-8080-exec-10] TRACE o.s.w.s.m.m.a.RequestMappingHandlerMapping - 2 matching mappings: [{ [/error]}, { [/error], produces [text/html]}]
2025-05-13 15:54:54 [http-nio-8080-exec-1] DEBUG o.s.web.servlet.DispatcherServlet - GET "/api/visitors?id=16", parameters={masked}
2025-05-13 15:54:54 [http-nio-8080-exec-1] TRACE o.s.w.s.m.m.a.RequestMappingHandlerMapping - Mapped to com.example.society.controller.VisitorController#getVisitors(Long, String, String, String, String, int)
2025-05-13 15:54:54 [http-nio-8080-exec-1] DEBUG o.s.w.s.m.m.a.HttpEntityMethodProcessor - Using 'application/json', given [*/*] and supported [application/json, application/*+json]
2025-05-13 15:54:54 [http-nio-8080-exec-1] DEBUG o.s.w.s.m.m.a.HttpEntityMethodProcessor - Writing [{visitors=[Visitor(id=16, guestName=theree, mobile=, flatNumber=, buildingNumber=, visitPurpose=, vi (truncated)...]
2025-05-13 15:54:54 [http-nio-8080-exec-1] DEBUG o.s.web.servlet.DispatcherServlet - Completed 200 OK
2025-05-13 15:55:02 [http-nio-8080-exec-2] DEBUG o.s.web.servlet.DispatcherServlet - PUT "/api/guest/entry/16", parameters={}
2025-05-13 15:55:02 [http-nio-8080-exec-2] TRACE o.s.w.s.m.m.a.RequestMappingHandlerMapping - Mapped to com.example.society.guest.controller.GuestVisitController#editGuestEntry(String, Long, GuestVisitRequest)
2025-05-13 15:55:02 [http-nio-8080-exec-2] DEBUG o.s.w.s.m.m.a.RequestResponseBodyMethodProcessor - Read "application/json;charset=UTF-8" to [GuestVisitRequest(guestName=theree, mobile=9971530966, flatNumber=fewfes dfsgrwegrw sdfgwt24, buildi (truncated)...]
2025-05-13 15:55:02 [http-nio-8080-exec-2] INFO  c.e.s.g.c.GuestVisitController - Received request to edit guest entry with ID: 16
2025-05-13 15:55:02 [http-nio-8080-exec-2] DEBUG c.e.s.g.c.GuestVisitController - Authenticated user mobile from token: 9971530966
2025-05-13 15:55:02 [http-nio-8080-exec-2] INFO  c.e.s.g.c.GuestVisitController - Guest entry updated for: theree
2025-05-13 15:55:02 [http-nio-8080-exec-2] DEBUG o.s.w.s.m.m.a.HttpEntityMethodProcessor - Using 'application/json', given [*/*] and supported [application/json, application/*+json]
2025-05-13 15:55:02 [http-nio-8080-exec-2] DEBUG o.s.w.s.m.m.a.HttpEntityMethodProcessor - Writing [{message=Guest entry updated successfully, success=true, data=Visitor(id=16, guestName=theree, mobil (truncated)...]
2025-05-13 15:55:02 [http-nio-8080-exec-2] DEBUG o.s.web.servlet.DispatcherServlet - Completed 200 OK
2025-05-13 15:55:04 [http-nio-8080-exec-3] DEBUG o.s.web.servlet.DispatcherServlet - GET "/user/visitors-listing.html?token=eyJhbGciOiJIUzUxMiJ9.eyJzdWIiOiI5OTcxNTMwOTY2IiwiaWF0IjoxNzQ3MTMwODY5LCJleHAiOjE3NDcxMzQ0Njl9.x2_DYKFJdogwYtVM0UVm8iGR5e4zT8cA8W9zC-rok9s731IeklctjwQ1dknVS6Vx204Hfh-PnY3jPao2p_hAEg", parameters={masked}
2025-05-13 15:55:04 [http-nio-8080-exec-3] DEBUG o.s.w.s.h.SimpleUrlHandlerMapping - Mapped to ResourceHttpRequestHandler [classpath [META-INF/resources/], classpath [resources/], classpath [static/], classpath [public/], ServletContext [/]]
2025-05-13 15:55:04 [http-nio-8080-exec-3] DEBUG o.s.web.servlet.DispatcherServlet - Completed 200 OK
2025-05-13 15:55:04 [http-nio-8080-exec-4] TRACE o.s.w.s.m.m.a.RequestMappingHandlerMapping - 2 matching mappings: [{ [/error]}, { [/error], produces [text/html]}]
2025-05-13 15:55:04 [http-nio-8080-exec-5] DEBUG o.s.web.servlet.DispatcherServlet - GET "/api/visitors?page=0", parameters={masked}
2025-05-13 15:55:04 [http-nio-8080-exec-5] TRACE o.s.w.s.m.m.a.RequestMappingHandlerMapping - Mapped to com.example.society.controller.VisitorController#getVisitors(Long, String, String, String, String, int)
2025-05-13 15:55:04 [http-nio-8080-exec-5] DEBUG o.s.w.s.m.m.a.HttpEntityMethodProcessor - Using 'application/json', given [*/*] and supported [application/json, application/*+json]
2025-05-13 15:55:04 [http-nio-8080-exec-5] DEBUG o.s.w.s.m.m.a.HttpEntityMethodProcessor - Writing [{visitors=[Visitor(id=17, guestName=hello, mobile=9971530966, flatNumber=fgdsgf, buildingNumber=gsdg (truncated)...]
2025-05-13 15:55:04 [http-nio-8080-exec-5] DEBUG o.s.web.servlet.DispatcherServlet - Completed 200 OK
2025-05-13 15:55:06 [http-nio-8080-exec-6] DEBUG o.s.web.servlet.DispatcherServlet - GET "/api/visitors?id=17", parameters={masked}
2025-05-13 15:55:06 [http-nio-8080-exec-6] TRACE o.s.w.s.m.m.a.RequestMappingHandlerMapping - Mapped to com.example.society.controller.VisitorController#getVisitors(Long, String, String, String, String, int)
2025-05-13 15:55:06 [http-nio-8080-exec-6] DEBUG o.s.w.s.m.m.a.HttpEntityMethodProcessor - Using 'application/json', given [*/*] and supported [application/json, application/*+json]
2025-05-13 15:55:06 [http-nio-8080-exec-6] DEBUG o.s.w.s.m.m.a.HttpEntityMethodProcessor - Writing [{visitors=[Visitor(id=17, guestName=hello, mobile=9971530966, flatNumber=fgdsgf, buildingNumber=gsdg (truncated)...]
2025-05-13 15:55:06 [http-nio-8080-exec-6] DEBUG o.s.web.servlet.DispatcherServlet - Completed 200 OK
2025-05-13 15:55:06 [http-nio-8080-exec-7] DEBUG o.s.web.servlet.DispatcherServlet - GET "/user/resident-entry.html?editId=17&token=eyJhbGciOiJIUzUxMiJ9.eyJzdWIiOiI5OTcxNTMwOTY2IiwiaWF0IjoxNzQ3MTMwODY5LCJleHAiOjE3NDcxMzQ0Njl9.x2_DYKFJdogwYtVM0UVm8iGR5e4zT8cA8W9zC-rok9s731IeklctjwQ1dknVS6Vx204Hfh-PnY3jPao2p_hAEg", parameters={masked}
2025-05-13 15:55:06 [http-nio-8080-exec-7] DEBUG o.s.w.s.h.SimpleUrlHandlerMapping - Mapped to ResourceHttpRequestHandler [classpath [META-INF/resources/], classpath [resources/], classpath [static/], classpath [public/], ServletContext [/]]
2025-05-13 15:55:06 [http-nio-8080-exec-7] DEBUG o.s.web.servlet.DispatcherServlet - Completed 200 OK
2025-05-13 15:55:06 [http-nio-8080-exec-8] TRACE o.s.w.s.m.m.a.RequestMappingHandlerMapping - 2 matching mappings: [{ [/error]}, { [/error], produces [text/html]}]
2025-05-13 15:55:06 [http-nio-8080-exec-9] DEBUG o.s.web.servlet.DispatcherServlet - GET "/api/visitors?id=17", parameters={masked}
2025-05-13 15:55:06 [http-nio-8080-exec-9] TRACE o.s.w.s.m.m.a.RequestMappingHandlerMapping - Mapped to com.example.society.controller.VisitorController#getVisitors(Long, String, String, String, String, int)
2025-05-13 15:55:06 [http-nio-8080-exec-9] DEBUG o.s.w.s.m.m.a.HttpEntityMethodProcessor - Using 'application/json', given [*/*] and supported [application/json, application/*+json]
2025-05-13 15:55:06 [http-nio-8080-exec-9] DEBUG o.s.w.s.m.m.a.HttpEntityMethodProcessor - Writing [{visitors=[Visitor(id=17, guestName=hello, mobile=9971530966, flatNumber=fgdsgf, buildingNumber=gsdg (truncated)...]
2025-05-13 15:55:06 [http-nio-8080-exec-9] DEBUG o.s.web.servlet.DispatcherServlet - Completed 200 OK
2025-05-13 15:55:10 [http-nio-8080-exec-10] DEBUG o.s.web.servlet.DispatcherServlet - GET "/user/visitors-listing.html?token=eyJhbGciOiJIUzUxMiJ9.eyJzdWIiOiI5OTcxNTMwOTY2IiwiaWF0IjoxNzQ3MTMwODY5LCJleHAiOjE3NDcxMzQ0Njl9.x2_DYKFJdogwYtVM0UVm8iGR5e4zT8cA8W9zC-rok9s731IeklctjwQ1dknVS6Vx204Hfh-PnY3jPao2p_hAEg", parameters={masked}
2025-05-13 15:55:10 [http-nio-8080-exec-10] DEBUG o.s.w.s.h.SimpleUrlHandlerMapping - Mapped to ResourceHttpRequestHandler [classpath [META-INF/resources/], classpath [resources/], classpath [static/], classpath [public/], ServletContext [/]]
2025-05-13 15:55:10 [http-nio-8080-exec-10] DEBUG o.s.web.servlet.DispatcherServlet - Completed 200 OK
2025-05-13 15:55:10 [http-nio-8080-exec-1] TRACE o.s.w.s.m.m.a.RequestMappingHandlerMapping - 2 matching mappings: [{ [/error]}, { [/error], produces [text/html]}]
2025-05-13 15:55:10 [http-nio-8080-exec-2] DEBUG o.s.web.servlet.DispatcherServlet - GET "/api/visitors?page=0", parameters={masked}
2025-05-13 15:55:10 [http-nio-8080-exec-2] TRACE o.s.w.s.m.m.a.RequestMappingHandlerMapping - Mapped to com.example.society.controller.VisitorController#getVisitors(Long, String, String, String, String, int)
2025-05-13 15:55:10 [http-nio-8080-exec-2] DEBUG o.s.w.s.m.m.a.HttpEntityMethodProcessor - Using 'application/json', given [*/*] and supported [application/json, application/*+json]
2025-05-13 15:55:10 [http-nio-8080-exec-2] DEBUG o.s.w.s.m.m.a.HttpEntityMethodProcessor - Writing [{visitors=[Visitor(id=17, guestName=hello, mobile=9971530966, flatNumber=fgdsgf, buildingNumber=gsdg (truncated)...]
2025-05-13 15:55:10 [http-nio-8080-exec-2] DEBUG o.s.web.servlet.DispatcherServlet - Completed 200 OK
2025-05-13 15:55:49 [restartedMain] INFO  c.example.society.SocietyApplication - Starting SocietyApplication using Java 21.0.7 with PID 695338 (/var/www/html/society/target/classes started by basanta.swain in /var/www/html/society)
2025-05-13 15:55:49 [restartedMain] DEBUG c.example.society.SocietyApplication - Running with Spring Boot v3.4.4, Spring v6.2.5
2025-05-13 15:55:49 [restartedMain] INFO  c.example.society.SocietyApplication - No active profile set, falling back to 1 default profile: "default"
2025-05-13 15:55:49 [restartedMain] INFO  o.s.d.r.c.RepositoryConfigurationDelegate - Bootstrapping Spring Data JPA repositories in DEFAULT mode.
2025-05-13 15:55:49 [restartedMain] INFO  o.s.d.r.c.RepositoryConfigurationDelegate - Finished Spring Data repository scanning in 6 ms. Found 7 JPA repository interfaces.
2025-05-13 15:55:49 [restartedMain] INFO  o.s.b.w.e.tomcat.TomcatWebServer - Tomcat initialized with port 8080 (http)
2025-05-13 15:55:49 [restartedMain] INFO  o.a.coyote.http11.Http11NioProtocol - Initializing ProtocolHandler ["http-nio-8080"]
2025-05-13 15:55:49 [restartedMain] INFO  o.a.catalina.core.StandardService - Starting service [Tomcat]
2025-05-13 15:55:49 [restartedMain] INFO  o.a.catalina.core.StandardEngine - Starting Servlet engine: [Apache Tomcat/10.1.39]
2025-05-13 15:55:49 [restartedMain] INFO  o.a.c.c.C.[Tomcat].[localhost].[/] - Initializing Spring embedded WebApplicationContext
2025-05-13 15:55:49 [restartedMain] INFO  o.s.b.w.s.c.ServletWebServerApplicationContext - Root WebApplicationContext: initialization completed in 138 ms
2025-05-13 15:55:49 [restartedMain] DEBUG c.e.s.jwt.JwtAuthenticationFilter - Filter 'jwtAuthenticationFilter' configured for use
2025-05-13 15:55:49 [restartedMain] INFO  o.h.jpa.internal.util.LogHelper - HHH000204: Processing PersistenceUnitInfo [name: default]
2025-05-13 15:55:49 [restartedMain] INFO  o.h.c.i.RegionFactoryInitiator - HHH000026: Second-level cache disabled
2025-05-13 15:55:49 [restartedMain] INFO  o.s.o.j.p.SpringPersistenceUnitInfo - No LoadTimeWeaver setup: ignoring JPA class transformer
2025-05-13 15:55:49 [restartedMain] INFO  com.zaxxer.hikari.HikariDataSource - HikariPool-3 - Starting...
2025-05-13 15:55:49 [restartedMain] INFO  com.zaxxer.hikari.pool.HikariPool - HikariPool-3 - Added connection com.mysql.cj.jdbc.ConnectionImpl@3974ca67
2025-05-13 15:55:49 [restartedMain] INFO  com.zaxxer.hikari.HikariDataSource - HikariPool-3 - Start completed.
2025-05-13 15:55:49 [restartedMain] WARN  org.hibernate.orm.deprecation - HHH90000025: MySQL8Dialect does not need to be specified explicitly using 'hibernate.dialect' (remove the property setting and it will be selected by default)
2025-05-13 15:55:49 [restartedMain] WARN  org.hibernate.orm.deprecation - HHH90000026: MySQL8Dialect has been deprecated; use org.hibernate.dialect.MySQLDialect instead
2025-05-13 15:55:49 [restartedMain] INFO  o.hibernate.orm.connections.pooling - HHH10001005: Database info:
	Database JDBC URL [Connecting through datasource 'HikariDataSource (HikariPool-3)']
	Database driver: undefined/unknown
	Database version: 8.0
	Autocommit mode: undefined/unknown
	Isolation level: undefined/unknown
	Minimum pool size: undefined/unknown
	Maximum pool size: undefined/unknown
2025-05-13 15:55:49 [restartedMain] INFO  o.h.e.t.j.p.i.JtaPlatformInitiator - HHH000489: No JTA platform available (set 'hibernate.transaction.jta.platform' to enable JTA platform integration)
2025-05-13 15:55:49 [restartedMain] INFO  o.s.o.j.LocalContainerEntityManagerFactoryBean - Initialized JPA EntityManagerFactory for persistence unit 'default'
2025-05-13 15:55:49 [restartedMain] WARN  o.s.b.a.o.j.JpaBaseConfiguration$JpaWebConfiguration - spring.jpa.open-in-view is enabled by default. Therefore, database queries may be performed during view rendering. Explicitly configure spring.jpa.open-in-view to disable this warning
2025-05-13 15:55:49 [restartedMain] TRACE o.s.w.s.m.m.a.RequestMappingHandlerMapping - 
	c.e.s.a.c.AdminAuthController:
	{POST [/api/admin/login]}: login(LoginRequest)
	{POST [/api/admin/register-subadmin]}: registerSubAdmin(SubAdminRegisterRequest)
2025-05-13 15:55:49 [restartedMain] TRACE o.s.w.s.m.m.a.RequestMappingHandlerMapping - 
	c.e.s.c.AuthController:
	{POST [/auth/send-otp]}: sendOtp(Map)
	{POST [/auth/register-resident]}: registerResident(ResidenceRegisterRequest)
	{POST [/auth/verify-otp]}: verifyOtp(OtpRequest)
	{POST [/auth/register]}: register(UserDto)
2025-05-13 15:55:49 [restartedMain] TRACE o.s.w.s.m.m.a.RequestMappingHandlerMapping - 
	c.e.s.c.JwtTestController:
	{GET [/api/test/generate]}: generateToken()
2025-05-13 15:55:49 [restartedMain] TRACE o.s.w.s.m.m.a.RequestMappingHandlerMapping - 
	c.e.s.c.OtpController:
	{GET [/user/send-otp]}: showSendOtpPage()
	{POST [/user/send-otp]}: handleSendOtp(String,Model)
2025-05-13 15:55:49 [restartedMain] TRACE o.s.w.s.m.m.a.RequestMappingHandlerMapping - 
	c.e.s.c.PingController:
	{GET [/ping]}: ping()
2025-05-13 15:55:49 [restartedMain] TRACE o.s.w.s.m.m.a.RequestMappingHandlerMapping - 
	c.e.s.c.ResidenceController:
	{GET [/api/residences]}: getAllResidences()
2025-05-13 15:55:49 [restartedMain] TRACE o.s.w.s.m.m.a.RequestMappingHandlerMapping - 
	c.e.s.c.VisitorController:
	{GET [/api/visitors]}: getVisitors(Long,String,String,String,String,int)
2025-05-13 15:55:49 [restartedMain] TRACE o.s.w.s.m.m.a.RequestMappingHandlerMapping - 
	c.e.s.g.c.GuestVisitController:
	{POST [/api/guest/entry]}: recordGuestEntry(String,GuestVisitRequest)
	{PUT [/api/guest/entry/{id}]}: editGuestEntry(String,Long,GuestVisitRequest)
	{GET [/api/guest/test]}: test()
2025-05-13 15:55:49 [restartedMain] TRACE o.s.w.s.m.m.a.RequestMappingHandlerMapping - 
	o.s.b.a.w.s.e.BasicErrorController:
	{ [/error], produces [text/html]}: errorHtml(HttpServletRequest,HttpServletResponse)
	{ [/error]}: error(HttpServletRequest)
2025-05-13 15:55:49 [restartedMain] DEBUG o.s.w.s.m.m.a.RequestMappingHandlerMapping - 17 mappings in 'requestMappingHandlerMapping'
2025-05-13 15:55:49 [restartedMain] DEBUG o.s.w.s.h.SimpleUrlHandlerMapping - Patterns [/webjars/**, /**] in 'resourceHandlerMapping'
2025-05-13 15:55:49 [restartedMain] DEBUG o.s.w.s.m.m.a.RequestMappingHandlerAdapter - ControllerAdvice beans: 0 @ModelAttribute, 0 @InitBinder, 1 RequestBodyAdvice, 1 ResponseBodyAdvice
2025-05-13 15:55:50 [restartedMain] DEBUG o.s.w.s.m.m.a.ExceptionHandlerExceptionResolver - ControllerAdvice beans: 0 @ExceptionHandler, 1 ResponseBodyAdvice
2025-05-13 15:55:50 [restartedMain] INFO  o.s.b.d.a.OptionalLiveReloadServer - LiveReload server is running on port 35729
2025-05-13 15:55:50 [restartedMain] INFO  o.a.coyote.http11.Http11NioProtocol - Starting ProtocolHandler ["http-nio-8080"]
2025-05-13 15:55:50 [restartedMain] INFO  o.s.b.w.e.tomcat.TomcatWebServer - Tomcat started on port 8080 (http) with context path '/'
2025-05-13 15:55:50 [restartedMain] INFO  c.example.society.SocietyApplication - Started SocietyApplication in 0.393 seconds (process running for 89.307)
2025-05-13 15:55:50 [restartedMain] INFO  o.s.b.d.a.ConditionEvaluationDeltaLoggingListener - Condition evaluation unchanged
2025-05-13 15:55:56 [SpringApplicationShutdownHook] INFO  o.s.b.w.e.tomcat.GracefulShutdown - Commencing graceful shutdown. Waiting for active requests to complete
2025-05-13 15:55:56 [tomcat-shutdown] INFO  o.s.b.w.e.tomcat.GracefulShutdown - Graceful shutdown complete
2025-05-13 15:55:56 [SpringApplicationShutdownHook] INFO  o.s.o.j.LocalContainerEntityManagerFactoryBean - Closing JPA EntityManagerFactory for persistence unit 'default'
2025-05-13 15:55:56 [SpringApplicationShutdownHook] INFO  com.zaxxer.hikari.HikariDataSource - HikariPool-3 - Shutdown initiated...
2025-05-13 15:55:56 [SpringApplicationShutdownHook] INFO  com.zaxxer.hikari.HikariDataSource - HikariPool-3 - Shutdown completed.
2025-05-13 15:56:01 [background-preinit] INFO  o.h.validator.internal.util.Version - HV000001: Hibernate Validator 8.0.2.Final
2025-05-13 15:56:01 [restartedMain] INFO  c.example.society.SocietyApplication - Starting SocietyApplication using Java 21.0.7 with PID 696601 (/var/www/html/society/target/classes started by basanta.swain in /var/www/html/society)
2025-05-13 15:56:01 [restartedMain] DEBUG c.example.society.SocietyApplication - Running with Spring Boot v3.4.4, Spring v6.2.5
2025-05-13 15:56:01 [restartedMain] INFO  c.example.society.SocietyApplication - No active profile set, falling back to 1 default profile: "default"
2025-05-13 15:56:01 [restartedMain] INFO  o.s.b.d.e.DevToolsPropertyDefaultsPostProcessor - Devtools property defaults active! Set 'spring.devtools.add-properties' to 'false' to disable
2025-05-13 15:56:01 [restartedMain] INFO  o.s.b.d.e.DevToolsPropertyDefaultsPostProcessor - For additional web related logging consider setting the 'logging.level.web' property to 'DEBUG'
2025-05-13 15:56:01 [restartedMain] INFO  o.s.d.r.c.RepositoryConfigurationDelegate - Bootstrapping Spring Data JPA repositories in DEFAULT mode.
2025-05-13 15:56:01 [restartedMain] INFO  o.s.d.r.c.RepositoryConfigurationDelegate - Finished Spring Data repository scanning in 30 ms. Found 7 JPA repository interfaces.
2025-05-13 15:56:01 [restartedMain] INFO  o.s.b.w.e.tomcat.TomcatWebServer - Tomcat initialized with port 8080 (http)
2025-05-13 15:56:01 [restartedMain] INFO  o.a.coyote.http11.Http11NioProtocol - Initializing ProtocolHandler ["http-nio-8080"]
2025-05-13 15:56:01 [restartedMain] INFO  o.a.catalina.core.StandardService - Starting service [Tomcat]
2025-05-13 15:56:01 [restartedMain] INFO  o.a.catalina.core.StandardEngine - Starting Servlet engine: [Apache Tomcat/10.1.39]
2025-05-13 15:56:01 [restartedMain] INFO  o.a.c.c.C.[Tomcat].[localhost].[/] - Initializing Spring embedded WebApplicationContext
2025-05-13 15:56:01 [restartedMain] INFO  o.s.b.w.s.c.ServletWebServerApplicationContext - Root WebApplicationContext: initialization completed in 648 ms
2025-05-13 15:56:01 [restartedMain] DEBUG c.e.s.jwt.JwtAuthenticationFilter - Filter 'jwtAuthenticationFilter' configured for use
2025-05-13 15:56:01 [restartedMain] INFO  o.h.jpa.internal.util.LogHelper - HHH000204: Processing PersistenceUnitInfo [name: default]
2025-05-13 15:56:01 [restartedMain] INFO  org.hibernate.Version - HHH000412: Hibernate ORM core version 6.6.11.Final
2025-05-13 15:56:01 [restartedMain] INFO  o.h.c.i.RegionFactoryInitiator - HHH000026: Second-level cache disabled
2025-05-13 15:56:01 [restartedMain] INFO  o.s.o.j.p.SpringPersistenceUnitInfo - No LoadTimeWeaver setup: ignoring JPA class transformer
2025-05-13 15:56:01 [restartedMain] INFO  com.zaxxer.hikari.HikariDataSource - HikariPool-1 - Starting...
2025-05-13 15:56:02 [restartedMain] INFO  com.zaxxer.hikari.pool.HikariPool - HikariPool-1 - Added connection com.mysql.cj.jdbc.ConnectionImpl@2e7cad88
2025-05-13 15:56:02 [restartedMain] INFO  com.zaxxer.hikari.HikariDataSource - HikariPool-1 - Start completed.
2025-05-13 15:56:02 [restartedMain] WARN  org.hibernate.orm.deprecation - HHH90000025: MySQL8Dialect does not need to be specified explicitly using 'hibernate.dialect' (remove the property setting and it will be selected by default)
2025-05-13 15:56:02 [restartedMain] WARN  org.hibernate.orm.deprecation - HHH90000026: MySQL8Dialect has been deprecated; use org.hibernate.dialect.MySQLDialect instead
2025-05-13 15:56:02 [restartedMain] INFO  o.hibernate.orm.connections.pooling - HHH10001005: Database info:
	Database JDBC URL [Connecting through datasource 'HikariDataSource (HikariPool-1)']
	Database driver: undefined/unknown
	Database version: 8.0
	Autocommit mode: undefined/unknown
	Isolation level: undefined/unknown
	Minimum pool size: undefined/unknown
	Maximum pool size: undefined/unknown
2025-05-13 15:56:02 [restartedMain] INFO  o.h.e.t.j.p.i.JtaPlatformInitiator - HHH000489: No JTA platform available (set 'hibernate.transaction.jta.platform' to enable JTA platform integration)
2025-05-13 15:56:02 [restartedMain] INFO  o.s.o.j.LocalContainerEntityManagerFactoryBean - Initialized JPA EntityManagerFactory for persistence unit 'default'
2025-05-13 15:56:02 [restartedMain] WARN  o.s.b.a.o.j.JpaBaseConfiguration$JpaWebConfiguration - spring.jpa.open-in-view is enabled by default. Therefore, database queries may be performed during view rendering. Explicitly configure spring.jpa.open-in-view to disable this warning
2025-05-13 15:56:02 [restartedMain] TRACE o.s.w.s.m.m.a.RequestMappingHandlerMapping - 
	c.e.s.a.c.AdminAuthController:
	{POST [/api/admin/login]}: login(LoginRequest)
	{POST [/api/admin/register-subadmin]}: registerSubAdmin(SubAdminRegisterRequest)
2025-05-13 15:56:02 [restartedMain] TRACE o.s.w.s.m.m.a.RequestMappingHandlerMapping - 
	c.e.s.c.AuthController:
	{POST [/auth/send-otp]}: sendOtp(Map)
	{POST [/auth/register-resident]}: registerResident(ResidenceRegisterRequest)
	{POST [/auth/verify-otp]}: verifyOtp(OtpRequest)
	{POST [/auth/register]}: register(UserDto)
2025-05-13 15:56:02 [restartedMain] TRACE o.s.w.s.m.m.a.RequestMappingHandlerMapping - 
	c.e.s.c.JwtTestController:
	{GET [/api/test/generate]}: generateToken()
2025-05-13 15:56:02 [restartedMain] TRACE o.s.w.s.m.m.a.RequestMappingHandlerMapping - 
	c.e.s.c.OtpController:
	{GET [/user/send-otp]}: showSendOtpPage()
	{POST [/user/send-otp]}: handleSendOtp(String,Model)
2025-05-13 15:56:02 [restartedMain] TRACE o.s.w.s.m.m.a.RequestMappingHandlerMapping - 
	c.e.s.c.PingController:
	{GET [/ping]}: ping()
2025-05-13 15:56:02 [restartedMain] TRACE o.s.w.s.m.m.a.RequestMappingHandlerMapping - 
	c.e.s.c.ResidenceController:
	{GET [/api/residences]}: getAllResidences()
2025-05-13 15:56:02 [restartedMain] TRACE o.s.w.s.m.m.a.RequestMappingHandlerMapping - 
	c.e.s.c.VisitorController:
	{GET [/api/visitors]}: getVisitors(Long,String,String,String,String,int)
2025-05-13 15:56:02 [restartedMain] TRACE o.s.w.s.m.m.a.RequestMappingHandlerMapping - 
	c.e.s.g.c.GuestVisitController:
	{POST [/api/guest/entry]}: recordGuestEntry(String,GuestVisitRequest)
	{PUT [/api/guest/entry/{id}]}: editGuestEntry(String,Long,GuestVisitRequest)
	{GET [/api/guest/test]}: test()
2025-05-13 15:56:02 [restartedMain] TRACE o.s.w.s.m.m.a.RequestMappingHandlerMapping - 
	o.s.b.a.w.s.e.BasicErrorController:
	{ [/error], produces [text/html]}: errorHtml(HttpServletRequest,HttpServletResponse)
	{ [/error]}: error(HttpServletRequest)
2025-05-13 15:56:02 [restartedMain] DEBUG o.s.w.s.m.m.a.RequestMappingHandlerMapping - 17 mappings in 'requestMappingHandlerMapping'
2025-05-13 15:56:02 [restartedMain] DEBUG o.s.w.s.h.SimpleUrlHandlerMapping - Patterns [/webjars/**, /**] in 'resourceHandlerMapping'
2025-05-13 15:56:03 [restartedMain] DEBUG o.s.w.s.m.m.a.RequestMappingHandlerAdapter - ControllerAdvice beans: 0 @ModelAttribute, 0 @InitBinder, 1 RequestBodyAdvice, 1 ResponseBodyAdvice
2025-05-13 15:56:03 [restartedMain] DEBUG o.s.w.s.m.m.a.ExceptionHandlerExceptionResolver - ControllerAdvice beans: 0 @ExceptionHandler, 1 ResponseBodyAdvice
2025-05-13 15:56:03 [restartedMain] INFO  o.s.b.d.a.OptionalLiveReloadServer - LiveReload server is running on port 35729
2025-05-13 15:56:03 [restartedMain] INFO  o.a.coyote.http11.Http11NioProtocol - Starting ProtocolHandler ["http-nio-8080"]
2025-05-13 15:56:03 [restartedMain] INFO  o.s.b.w.e.tomcat.TomcatWebServer - Tomcat started on port 8080 (http) with context path '/'
2025-05-13 15:56:03 [restartedMain] INFO  c.example.society.SocietyApplication - Started SocietyApplication in 2.348 seconds (process running for 2.523)
2025-05-13 15:56:09 [http-nio-8080-exec-1] INFO  o.a.c.c.C.[Tomcat].[localhost].[/] - Initializing Spring DispatcherServlet 'dispatcherServlet'
2025-05-13 15:56:09 [http-nio-8080-exec-1] INFO  o.s.web.servlet.DispatcherServlet - Initializing Servlet 'dispatcherServlet'
2025-05-13 15:56:09 [http-nio-8080-exec-1] DEBUG o.s.web.servlet.DispatcherServlet - Detected StandardServletMultipartResolver
2025-05-13 15:56:09 [http-nio-8080-exec-1] DEBUG o.s.web.servlet.DispatcherServlet - Detected AcceptHeaderLocaleResolver
2025-05-13 15:56:09 [http-nio-8080-exec-1] DEBUG o.s.web.servlet.DispatcherServlet - Detected FixedThemeResolver
2025-05-13 15:56:09 [http-nio-8080-exec-1] DEBUG o.s.web.servlet.DispatcherServlet - Detected org.springframework.web.servlet.view.DefaultRequestToViewNameTranslator@1b1adffd
2025-05-13 15:56:09 [http-nio-8080-exec-1] DEBUG o.s.web.servlet.DispatcherServlet - Detected org.springframework.web.servlet.support.SessionFlashMapManager@3f7d814c
2025-05-13 15:56:09 [http-nio-8080-exec-1] DEBUG o.s.web.servlet.DispatcherServlet - enableLoggingRequestDetails='false': request parameters and headers will be masked to prevent unsafe logging of potentially sensitive data
2025-05-13 15:56:09 [http-nio-8080-exec-1] INFO  o.s.web.servlet.DispatcherServlet - Completed initialization in 0 ms
2025-05-13 15:56:09 [http-nio-8080-exec-1] DEBUG o.s.web.servlet.DispatcherServlet - GET "/api/visitors?id=17", parameters={masked}
2025-05-13 15:56:09 [http-nio-8080-exec-1] TRACE o.s.w.s.m.m.a.RequestMappingHandlerMapping - Mapped to com.example.society.controller.VisitorController#getVisitors(Long, String, String, String, String, int)
2025-05-13 15:56:09 [http-nio-8080-exec-1] DEBUG o.s.w.s.m.m.a.HttpEntityMethodProcessor - Using 'application/json', given [*/*] and supported [application/json, application/*+json]
2025-05-13 15:56:09 [http-nio-8080-exec-1] DEBUG o.s.w.s.m.m.a.HttpEntityMethodProcessor - Writing [{visitors=[Visitor(id=17, guestName=hello, mobile=9971530966, flatNumber=fgdsgf, buildingNumber=gsdg (truncated)...]
2025-05-13 15:56:09 [http-nio-8080-exec-1] DEBUG o.s.web.servlet.DispatcherServlet - Completed 200 OK
2025-05-13 15:56:09 [http-nio-8080-exec-2] DEBUG o.s.web.servlet.DispatcherServlet - GET "/user/resident-entry.html?editId=17&token=eyJhbGciOiJIUzUxMiJ9.eyJzdWIiOiI5OTcxNTMwOTY2IiwiaWF0IjoxNzQ3MTMwODY5LCJleHAiOjE3NDcxMzQ0Njl9.x2_DYKFJdogwYtVM0UVm8iGR5e4zT8cA8W9zC-rok9s731IeklctjwQ1dknVS6Vx204Hfh-PnY3jPao2p_hAEg", parameters={masked}
2025-05-13 15:56:09 [http-nio-8080-exec-2] DEBUG o.s.w.s.h.SimpleUrlHandlerMapping - Mapped to ResourceHttpRequestHandler [classpath [META-INF/resources/], classpath [resources/], classpath [static/], classpath [public/], ServletContext [/]]
2025-05-13 15:56:09 [http-nio-8080-exec-2] DEBUG o.s.web.servlet.DispatcherServlet - Completed 200 OK
2025-05-13 15:56:09 [http-nio-8080-exec-3] DEBUG o.s.web.servlet.DispatcherServlet - GET "/api/visitors?id=17", parameters={masked}
2025-05-13 15:56:09 [http-nio-8080-exec-3] TRACE o.s.w.s.m.m.a.RequestMappingHandlerMapping - Mapped to com.example.society.controller.VisitorController#getVisitors(Long, String, String, String, String, int)
2025-05-13 15:56:09 [http-nio-8080-exec-3] DEBUG o.s.w.s.m.m.a.HttpEntityMethodProcessor - Using 'application/json', given [*/*] and supported [application/json, application/*+json]
2025-05-13 15:56:09 [http-nio-8080-exec-3] DEBUG o.s.w.s.m.m.a.HttpEntityMethodProcessor - Writing [{visitors=[Visitor(id=17, guestName=hello, mobile=9971530966, flatNumber=fgdsgf, buildingNumber=gsdg (truncated)...]
2025-05-13 15:56:09 [http-nio-8080-exec-3] DEBUG o.s.web.servlet.DispatcherServlet - Completed 200 OK
2025-05-13 15:56:12 [http-nio-8080-exec-4] DEBUG o.s.web.servlet.DispatcherServlet - PUT "/api/guest/entry/17", parameters={}
2025-05-13 15:56:12 [http-nio-8080-exec-4] TRACE o.s.w.s.m.m.a.RequestMappingHandlerMapping - Mapped to com.example.society.guest.controller.GuestVisitController#editGuestEntry(String, Long, GuestVisitRequest)
2025-05-13 15:56:12 [http-nio-8080-exec-4] DEBUG o.s.w.s.m.m.a.RequestResponseBodyMethodProcessor - Read "application/json;charset=UTF-8" to [GuestVisitRequest(guestName=hello, mobile=9971530966, flatNumber=fgdsgf, buildingNumber=gsdgsd, visi (truncated)...]
2025-05-13 15:56:12 [http-nio-8080-exec-4] INFO  c.e.s.g.c.GuestVisitController - Received request to edit guest entry with ID: 17
2025-05-13 15:56:12 [http-nio-8080-exec-4] DEBUG c.e.s.g.c.GuestVisitController - Authenticated user mobile from token: 9971530966
2025-05-13 15:56:12 [http-nio-8080-exec-4] INFO  c.e.s.g.c.GuestVisitController - Guest entry updated for: hello
2025-05-13 15:56:12 [http-nio-8080-exec-4] DEBUG o.s.w.s.m.m.a.HttpEntityMethodProcessor - Using 'application/json', given [*/*] and supported [application/json, application/*+json]
2025-05-13 15:56:12 [http-nio-8080-exec-4] DEBUG o.s.w.s.m.m.a.HttpEntityMethodProcessor - Writing [{success=true, message=Guest entry updated successfully, data=Visitor(id=17, guestName=hello, mobile (truncated)...]
2025-05-13 15:56:12 [http-nio-8080-exec-4] DEBUG o.s.web.servlet.DispatcherServlet - Completed 200 OK
2025-05-13 15:56:14 [http-nio-8080-exec-5] DEBUG o.s.web.servlet.DispatcherServlet - GET "/user/visitors-listing.html?token=eyJhbGciOiJIUzUxMiJ9.eyJzdWIiOiI5OTcxNTMwOTY2IiwiaWF0IjoxNzQ3MTMwODY5LCJleHAiOjE3NDcxMzQ0Njl9.x2_DYKFJdogwYtVM0UVm8iGR5e4zT8cA8W9zC-rok9s731IeklctjwQ1dknVS6Vx204Hfh-PnY3jPao2p_hAEg", parameters={masked}
2025-05-13 15:56:14 [http-nio-8080-exec-5] DEBUG o.s.w.s.h.SimpleUrlHandlerMapping - Mapped to ResourceHttpRequestHandler [classpath [META-INF/resources/], classpath [resources/], classpath [static/], classpath [public/], ServletContext [/]]
2025-05-13 15:56:14 [http-nio-8080-exec-5] DEBUG o.s.web.servlet.DispatcherServlet - Completed 200 OK
2025-05-13 15:56:14 [http-nio-8080-exec-6] DEBUG o.s.web.servlet.DispatcherServlet - GET "/api/visitors?page=0", parameters={masked}
2025-05-13 15:56:14 [http-nio-8080-exec-6] TRACE o.s.w.s.m.m.a.RequestMappingHandlerMapping - Mapped to com.example.society.controller.VisitorController#getVisitors(Long, String, String, String, String, int)
2025-05-13 15:56:14 [http-nio-8080-exec-6] DEBUG o.s.w.s.m.m.a.HttpEntityMethodProcessor - Using 'application/json', given [*/*] and supported [application/json, application/*+json]
2025-05-13 15:56:14 [http-nio-8080-exec-6] DEBUG o.s.w.s.m.m.a.HttpEntityMethodProcessor - Writing [{visitors=[Visitor(id=17, guestName=hello, mobile=9971530966, flatNumber=fgdsgf, buildingNumber=gsdg (truncated)...]
2025-05-13 15:56:14 [http-nio-8080-exec-6] DEBUG o.s.web.servlet.DispatcherServlet - Completed 200 OK
2025-05-13 15:57:38 [http-nio-8080-exec-9] DEBUG o.s.web.servlet.DispatcherServlet - GET "/api/visitors?page=1", parameters={masked}
2025-05-13 15:57:38 [http-nio-8080-exec-9] TRACE o.s.w.s.m.m.a.RequestMappingHandlerMapping - Mapped to com.example.society.controller.VisitorController#getVisitors(Long, String, String, String, String, int)
2025-05-13 15:57:38 [http-nio-8080-exec-9] DEBUG o.s.w.s.m.m.a.HttpEntityMethodProcessor - Using 'application/json', given [*/*] and supported [application/json, application/*+json]
2025-05-13 15:57:38 [http-nio-8080-exec-9] DEBUG o.s.w.s.m.m.a.HttpEntityMethodProcessor - Writing [{visitors=[Visitor(id=7, guestName=fsadfsa, mobile=9971530966, flatNumber=fgdsgf, buildingNumber=gsd (truncated)...]
2025-05-13 15:57:38 [http-nio-8080-exec-9] DEBUG o.s.web.servlet.DispatcherServlet - Completed 200 OK
2025-05-13 15:57:40 [http-nio-8080-exec-10] DEBUG o.s.web.servlet.DispatcherServlet - GET "/api/visitors?page=0", parameters={masked}
2025-05-13 15:57:40 [http-nio-8080-exec-10] TRACE o.s.w.s.m.m.a.RequestMappingHandlerMapping - Mapped to com.example.society.controller.VisitorController#getVisitors(Long, String, String, String, String, int)
2025-05-13 15:57:40 [http-nio-8080-exec-10] DEBUG o.s.w.s.m.m.a.HttpEntityMethodProcessor - Using 'application/json', given [*/*] and supported [application/json, application/*+json]
2025-05-13 15:57:40 [http-nio-8080-exec-10] DEBUG o.s.w.s.m.m.a.HttpEntityMethodProcessor - Writing [{visitors=[Visitor(id=17, guestName=hello, mobile=9971530966, flatNumber=fgdsgf, buildingNumber=gsdg (truncated)...]
2025-05-13 15:57:40 [http-nio-8080-exec-10] DEBUG o.s.web.servlet.DispatcherServlet - Completed 200 OK
2025-05-13 15:59:09 [http-nio-8080-exec-2] DEBUG o.s.web.servlet.DispatcherServlet - GET "/user/resident-entry.html?token=eyJhbGciOiJIUzUxMiJ9.eyJzdWIiOiI5OTcxNTMwOTY2IiwiaWF0IjoxNzQ3MTMwODY5LCJleHAiOjE3NDcxMzQ0Njl9.x2_DYKFJdogwYtVM0UVm8iGR5e4zT8cA8W9zC-rok9s731IeklctjwQ1dknVS6Vx204Hfh-PnY3jPao2p_hAEg", parameters={masked}
2025-05-13 15:59:09 [http-nio-8080-exec-2] DEBUG o.s.w.s.h.SimpleUrlHandlerMapping - Mapped to ResourceHttpRequestHandler [classpath [META-INF/resources/], classpath [resources/], classpath [static/], classpath [public/], ServletContext [/]]
2025-05-13 15:59:09 [http-nio-8080-exec-2] DEBUG o.s.web.servlet.DispatcherServlet - Completed 200 OK
2025-05-13 15:59:18 [http-nio-8080-exec-3] DEBUG o.s.web.servlet.DispatcherServlet - GET "/user/visitors-listing.html?token=eyJhbGciOiJIUzUxMiJ9.eyJzdWIiOiI5OTcxNTMwOTY2IiwiaWF0IjoxNzQ3MTMwODY5LCJleHAiOjE3NDcxMzQ0Njl9.x2_DYKFJdogwYtVM0UVm8iGR5e4zT8cA8W9zC-rok9s731IeklctjwQ1dknVS6Vx204Hfh-PnY3jPao2p_hAEg", parameters={masked}
2025-05-13 15:59:18 [http-nio-8080-exec-3] DEBUG o.s.w.s.h.SimpleUrlHandlerMapping - Mapped to ResourceHttpRequestHandler [classpath [META-INF/resources/], classpath [resources/], classpath [static/], classpath [public/], ServletContext [/]]
2025-05-13 15:59:18 [http-nio-8080-exec-3] DEBUG o.s.web.servlet.DispatcherServlet - Completed 200 OK
2025-05-13 15:59:18 [http-nio-8080-exec-4] DEBUG o.s.web.servlet.DispatcherServlet - GET "/api/visitors?page=0", parameters={masked}
2025-05-13 15:59:18 [http-nio-8080-exec-4] TRACE o.s.w.s.m.m.a.RequestMappingHandlerMapping - Mapped to com.example.society.controller.VisitorController#getVisitors(Long, String, String, String, String, int)
2025-05-13 15:59:18 [http-nio-8080-exec-4] DEBUG o.s.w.s.m.m.a.HttpEntityMethodProcessor - Using 'application/json', given [*/*] and supported [application/json, application/*+json]
2025-05-13 15:59:18 [http-nio-8080-exec-4] DEBUG o.s.w.s.m.m.a.HttpEntityMethodProcessor - Writing [{visitors=[Visitor(id=17, guestName=hello, mobile=9971530966, flatNumber=fgdsgf, buildingNumber=gsdg (truncated)...]
2025-05-13 15:59:18 [http-nio-8080-exec-4] DEBUG o.s.web.servlet.DispatcherServlet - Completed 200 OK
2025-05-13 15:59:22 [http-nio-8080-exec-5] TRACE o.s.w.s.m.m.a.RequestMappingHandlerMapping - 2 matching mappings: [{ [/error]}, { [/error], produces [text/html]}]
2025-05-13 15:59:41 [http-nio-8080-exec-6] DEBUG o.s.web.servlet.DispatcherServlet - GET "/api/visitors?page=1", parameters={masked}
2025-05-13 15:59:41 [http-nio-8080-exec-6] TRACE o.s.w.s.m.m.a.RequestMappingHandlerMapping - Mapped to com.example.society.controller.VisitorController#getVisitors(Long, String, String, String, String, int)
2025-05-13 15:59:41 [http-nio-8080-exec-6] DEBUG o.s.w.s.m.m.a.HttpEntityMethodProcessor - Using 'application/json', given [*/*] and supported [application/json, application/*+json]
2025-05-13 15:59:41 [http-nio-8080-exec-6] DEBUG o.s.w.s.m.m.a.HttpEntityMethodProcessor - Writing [{visitors=[Visitor(id=7, guestName=fsadfsa, mobile=9971530966, flatNumber=fgdsgf, buildingNumber=gsd (truncated)...]
2025-05-13 15:59:41 [http-nio-8080-exec-6] DEBUG o.s.web.servlet.DispatcherServlet - Completed 200 OK
2025-05-13 15:59:42 [http-nio-8080-exec-7] DEBUG o.s.web.servlet.DispatcherServlet - GET "/api/visitors?page=0", parameters={masked}
2025-05-13 15:59:42 [http-nio-8080-exec-7] TRACE o.s.w.s.m.m.a.RequestMappingHandlerMapping - Mapped to com.example.society.controller.VisitorController#getVisitors(Long, String, String, String, String, int)
2025-05-13 15:59:42 [http-nio-8080-exec-7] DEBUG o.s.w.s.m.m.a.HttpEntityMethodProcessor - Using 'application/json', given [*/*] and supported [application/json, application/*+json]
2025-05-13 15:59:42 [http-nio-8080-exec-7] DEBUG o.s.w.s.m.m.a.HttpEntityMethodProcessor - Writing [{visitors=[Visitor(id=17, guestName=hello, mobile=9971530966, flatNumber=fgdsgf, buildingNumber=gsdg (truncated)...]
2025-05-13 15:59:42 [http-nio-8080-exec-7] DEBUG o.s.web.servlet.DispatcherServlet - Completed 200 OK
2025-05-13 16:01:18 [http-nio-8080-exec-10] DEBUG o.s.web.servlet.DispatcherServlet - GET "/api/visitors?id=17", parameters={masked}
2025-05-13 16:01:18 [http-nio-8080-exec-10] TRACE o.s.w.s.m.m.a.RequestMappingHandlerMapping - Mapped to com.example.society.controller.VisitorController#getVisitors(Long, String, String, String, String, int)
2025-05-13 16:01:18 [http-nio-8080-exec-10] DEBUG o.s.w.s.m.m.a.HttpEntityMethodProcessor - Using 'application/json', given [*/*] and supported [application/json, application/*+json]
2025-05-13 16:01:18 [http-nio-8080-exec-10] DEBUG o.s.w.s.m.m.a.HttpEntityMethodProcessor - Writing [{visitors=[Visitor(id=17, guestName=hello, mobile=9971530966, flatNumber=fgdsgf, buildingNumber=gsdg (truncated)...]
2025-05-13 16:01:18 [http-nio-8080-exec-10] DEBUG o.s.web.servlet.DispatcherServlet - Completed 200 OK
2025-05-13 16:01:18 [http-nio-8080-exec-1] DEBUG o.s.web.servlet.DispatcherServlet - GET "/user/resident-entry.html?editId=17&token=eyJhbGciOiJIUzUxMiJ9.eyJzdWIiOiI5OTcxNTMwOTY2IiwiaWF0IjoxNzQ3MTMwODY5LCJleHAiOjE3NDcxMzQ0Njl9.x2_DYKFJdogwYtVM0UVm8iGR5e4zT8cA8W9zC-rok9s731IeklctjwQ1dknVS6Vx204Hfh-PnY3jPao2p_hAEg", parameters={masked}
2025-05-13 16:01:18 [http-nio-8080-exec-1] DEBUG o.s.w.s.h.SimpleUrlHandlerMapping - Mapped to ResourceHttpRequestHandler [classpath [META-INF/resources/], classpath [resources/], classpath [static/], classpath [public/], ServletContext [/]]
2025-05-13 16:01:18 [http-nio-8080-exec-1] DEBUG o.s.web.servlet.DispatcherServlet - Completed 200 OK
2025-05-13 16:01:18 [http-nio-8080-exec-2] DEBUG o.s.web.servlet.DispatcherServlet - GET "/api/visitors?id=17", parameters={masked}
2025-05-13 16:01:18 [http-nio-8080-exec-2] TRACE o.s.w.s.m.m.a.RequestMappingHandlerMapping - Mapped to com.example.society.controller.VisitorController#getVisitors(Long, String, String, String, String, int)
2025-05-13 16:01:18 [http-nio-8080-exec-2] DEBUG o.s.w.s.m.m.a.HttpEntityMethodProcessor - Using 'application/json', given [*/*] and supported [application/json, application/*+json]
2025-05-13 16:01:18 [http-nio-8080-exec-2] DEBUG o.s.w.s.m.m.a.HttpEntityMethodProcessor - Writing [{visitors=[Visitor(id=17, guestName=hello, mobile=9971530966, flatNumber=fgdsgf, buildingNumber=gsdg (truncated)...]
2025-05-13 16:01:18 [http-nio-8080-exec-2] DEBUG o.s.web.servlet.DispatcherServlet - Completed 200 OK
2025-05-13 16:01:21 [http-nio-8080-exec-3] DEBUG o.s.web.servlet.DispatcherServlet - PUT "/api/guest/entry/17", parameters={}
2025-05-13 16:01:21 [http-nio-8080-exec-3] TRACE o.s.w.s.m.m.a.RequestMappingHandlerMapping - Mapped to com.example.society.guest.controller.GuestVisitController#editGuestEntry(String, Long, GuestVisitRequest)
2025-05-13 16:01:21 [http-nio-8080-exec-3] DEBUG o.s.w.s.m.m.a.RequestResponseBodyMethodProcessor - Read "application/json;charset=UTF-8" to [GuestVisitRequest(guestName=hello, mobile=9971530966, flatNumber=fgdsgf, buildingNumber=gsdgsd, visi (truncated)...]
2025-05-13 16:01:21 [http-nio-8080-exec-3] INFO  c.e.s.g.c.GuestVisitController - Received request to edit guest entry with ID: 17
2025-05-13 16:01:21 [http-nio-8080-exec-3] DEBUG c.e.s.g.c.GuestVisitController - Authenticated user mobile from token: 9971530966
2025-05-13 16:01:21 [http-nio-8080-exec-3] INFO  c.e.s.g.c.GuestVisitController - Guest entry updated for: hello
2025-05-13 16:01:21 [http-nio-8080-exec-3] DEBUG o.s.w.s.m.m.a.HttpEntityMethodProcessor - Using 'application/json', given [*/*] and supported [application/json, application/*+json]
2025-05-13 16:01:21 [http-nio-8080-exec-3] DEBUG o.s.w.s.m.m.a.HttpEntityMethodProcessor - Writing [{success=true, message=Guest entry updated successfully, data=Visitor(id=17, guestName=hello, mobile (truncated)...]
2025-05-13 16:01:21 [http-nio-8080-exec-3] DEBUG o.s.web.servlet.DispatcherServlet - Completed 200 OK
2025-05-13 16:01:23 [http-nio-8080-exec-4] DEBUG o.s.web.servlet.DispatcherServlet - GET "/user/visitors-listing.html?token=eyJhbGciOiJIUzUxMiJ9.eyJzdWIiOiI5OTcxNTMwOTY2IiwiaWF0IjoxNzQ3MTMwODY5LCJleHAiOjE3NDcxMzQ0Njl9.x2_DYKFJdogwYtVM0UVm8iGR5e4zT8cA8W9zC-rok9s731IeklctjwQ1dknVS6Vx204Hfh-PnY3jPao2p_hAEg", parameters={masked}
2025-05-13 16:01:23 [http-nio-8080-exec-4] DEBUG o.s.w.s.h.SimpleUrlHandlerMapping - Mapped to ResourceHttpRequestHandler [classpath [META-INF/resources/], classpath [resources/], classpath [static/], classpath [public/], ServletContext [/]]
2025-05-13 16:01:23 [http-nio-8080-exec-4] DEBUG o.s.web.servlet.DispatcherServlet - Completed 200 OK
2025-05-13 16:01:23 [http-nio-8080-exec-5] DEBUG o.s.web.servlet.DispatcherServlet - GET "/api/visitors?page=0", parameters={masked}
2025-05-13 16:01:23 [http-nio-8080-exec-5] TRACE o.s.w.s.m.m.a.RequestMappingHandlerMapping - Mapped to com.example.society.controller.VisitorController#getVisitors(Long, String, String, String, String, int)
2025-05-13 16:01:23 [http-nio-8080-exec-5] DEBUG o.s.w.s.m.m.a.HttpEntityMethodProcessor - Using 'application/json', given [*/*] and supported [application/json, application/*+json]
2025-05-13 16:01:23 [http-nio-8080-exec-5] DEBUG o.s.w.s.m.m.a.HttpEntityMethodProcessor - Writing [{visitors=[Visitor(id=17, guestName=hello, mobile=9971530966, flatNumber=fgdsgf, buildingNumber=gsdg (truncated)...]
2025-05-13 16:01:23 [http-nio-8080-exec-5] DEBUG o.s.web.servlet.DispatcherServlet - Completed 200 OK
2025-05-13 16:01:34 [http-nio-8080-exec-6] DEBUG o.s.web.servlet.DispatcherServlet - GET "/api/visitors?id=13", parameters={masked}
2025-05-13 16:01:34 [http-nio-8080-exec-6] TRACE o.s.w.s.m.m.a.RequestMappingHandlerMapping - Mapped to com.example.society.controller.VisitorController#getVisitors(Long, String, String, String, String, int)
2025-05-13 16:01:34 [http-nio-8080-exec-6] DEBUG o.s.w.s.m.m.a.HttpEntityMethodProcessor - Using 'application/json', given [*/*] and supported [application/json, application/*+json]
2025-05-13 16:01:34 [http-nio-8080-exec-6] DEBUG o.s.w.s.m.m.a.HttpEntityMethodProcessor - Writing [{visitors=[Visitor(id=13, guestName=two, mobile=9439971201, flatNumber=c1, buildingNumber=A4, visitP (truncated)...]
2025-05-13 16:01:34 [http-nio-8080-exec-6] DEBUG o.s.web.servlet.DispatcherServlet - Completed 200 OK
2025-05-13 16:01:34 [http-nio-8080-exec-7] DEBUG o.s.web.servlet.DispatcherServlet - GET "/user/resident-entry.html?editId=13&token=eyJhbGciOiJIUzUxMiJ9.eyJzdWIiOiI5OTcxNTMwOTY2IiwiaWF0IjoxNzQ3MTMwODY5LCJleHAiOjE3NDcxMzQ0Njl9.x2_DYKFJdogwYtVM0UVm8iGR5e4zT8cA8W9zC-rok9s731IeklctjwQ1dknVS6Vx204Hfh-PnY3jPao2p_hAEg", parameters={masked}
2025-05-13 16:01:34 [http-nio-8080-exec-7] DEBUG o.s.w.s.h.SimpleUrlHandlerMapping - Mapped to ResourceHttpRequestHandler [classpath [META-INF/resources/], classpath [resources/], classpath [static/], classpath [public/], ServletContext [/]]
2025-05-13 16:01:34 [http-nio-8080-exec-7] DEBUG o.s.web.servlet.DispatcherServlet - Completed 200 OK
2025-05-13 16:01:34 [http-nio-8080-exec-8] DEBUG o.s.web.servlet.DispatcherServlet - GET "/api/visitors?id=13", parameters={masked}
2025-05-13 16:01:34 [http-nio-8080-exec-8] TRACE o.s.w.s.m.m.a.RequestMappingHandlerMapping - Mapped to com.example.society.controller.VisitorController#getVisitors(Long, String, String, String, String, int)
2025-05-13 16:01:34 [http-nio-8080-exec-8] DEBUG o.s.w.s.m.m.a.HttpEntityMethodProcessor - Using 'application/json', given [*/*] and supported [application/json, application/*+json]
2025-05-13 16:01:34 [http-nio-8080-exec-8] DEBUG o.s.w.s.m.m.a.HttpEntityMethodProcessor - Writing [{visitors=[Visitor(id=13, guestName=two, mobile=9439971201, flatNumber=c1, buildingNumber=A4, visitP (truncated)...]
2025-05-13 16:01:34 [http-nio-8080-exec-8] DEBUG o.s.web.servlet.DispatcherServlet - Completed 200 OK
2025-05-13 16:01:36 [http-nio-8080-exec-9] DEBUG o.s.web.servlet.DispatcherServlet - PUT "/api/guest/entry/13", parameters={}
2025-05-13 16:01:36 [http-nio-8080-exec-9] TRACE o.s.w.s.m.m.a.RequestMappingHandlerMapping - Mapped to com.example.society.guest.controller.GuestVisitController#editGuestEntry(String, Long, GuestVisitRequest)
2025-05-13 16:01:36 [http-nio-8080-exec-9] DEBUG o.s.w.s.m.m.a.RequestResponseBodyMethodProcessor - Read "application/json;charset=UTF-8" to [GuestVisitRequest(guestName=two, mobile=9439971201, flatNumber=c1, buildingNumber=A4, visitPurpose=t (truncated)...]
2025-05-13 16:01:36 [http-nio-8080-exec-9] INFO  c.e.s.g.c.GuestVisitController - Received request to edit guest entry with ID: 13
2025-05-13 16:01:36 [http-nio-8080-exec-9] DEBUG c.e.s.g.c.GuestVisitController - Authenticated user mobile from token: 9971530966
2025-05-13 16:01:36 [http-nio-8080-exec-9] INFO  c.e.s.g.c.GuestVisitController - Guest entry updated for: two
2025-05-13 16:01:36 [http-nio-8080-exec-9] DEBUG o.s.w.s.m.m.a.HttpEntityMethodProcessor - Using 'application/json', given [*/*] and supported [application/json, application/*+json]
2025-05-13 16:01:36 [http-nio-8080-exec-9] DEBUG o.s.w.s.m.m.a.HttpEntityMethodProcessor - Writing [{success=true, message=Guest entry updated successfully, data=Visitor(id=13, guestName=two, mobile=9 (truncated)...]
2025-05-13 16:01:36 [http-nio-8080-exec-9] DEBUG o.s.web.servlet.DispatcherServlet - Completed 200 OK
2025-05-13 16:01:38 [http-nio-8080-exec-10] DEBUG o.s.web.servlet.DispatcherServlet - GET "/user/visitors-listing.html?token=eyJhbGciOiJIUzUxMiJ9.eyJzdWIiOiI5OTcxNTMwOTY2IiwiaWF0IjoxNzQ3MTMwODY5LCJleHAiOjE3NDcxMzQ0Njl9.x2_DYKFJdogwYtVM0UVm8iGR5e4zT8cA8W9zC-rok9s731IeklctjwQ1dknVS6Vx204Hfh-PnY3jPao2p_hAEg", parameters={masked}
2025-05-13 16:01:38 [http-nio-8080-exec-10] DEBUG o.s.w.s.h.SimpleUrlHandlerMapping - Mapped to ResourceHttpRequestHandler [classpath [META-INF/resources/], classpath [resources/], classpath [static/], classpath [public/], ServletContext [/]]
2025-05-13 16:01:38 [http-nio-8080-exec-10] DEBUG o.s.web.servlet.DispatcherServlet - Completed 200 OK
2025-05-13 16:01:38 [http-nio-8080-exec-1] DEBUG o.s.web.servlet.DispatcherServlet - GET "/api/visitors?page=0", parameters={masked}
2025-05-13 16:01:38 [http-nio-8080-exec-1] TRACE o.s.w.s.m.m.a.RequestMappingHandlerMapping - Mapped to com.example.society.controller.VisitorController#getVisitors(Long, String, String, String, String, int)
2025-05-13 16:01:38 [http-nio-8080-exec-1] DEBUG o.s.w.s.m.m.a.HttpEntityMethodProcessor - Using 'application/json', given [*/*] and supported [application/json, application/*+json]
2025-05-13 16:01:38 [http-nio-8080-exec-1] DEBUG o.s.w.s.m.m.a.HttpEntityMethodProcessor - Writing [{visitors=[Visitor(id=17, guestName=hello, mobile=9971530966, flatNumber=fgdsgf, buildingNumber=gsdg (truncated)...]
2025-05-13 16:01:38 [http-nio-8080-exec-1] DEBUG o.s.web.servlet.DispatcherServlet - Completed 200 OK
2025-05-13 16:03:18 [http-nio-8080-exec-4] DEBUG o.s.web.servlet.DispatcherServlet - GET "/api/visitors?id=12", parameters={masked}
2025-05-13 16:03:18 [http-nio-8080-exec-4] TRACE o.s.w.s.m.m.a.RequestMappingHandlerMapping - Mapped to com.example.society.controller.VisitorController#getVisitors(Long, String, String, String, String, int)
2025-05-13 16:03:18 [http-nio-8080-exec-4] DEBUG o.s.w.s.m.m.a.HttpEntityMethodProcessor - Using 'application/json', given [*/*] and supported [application/json, application/*+json]
2025-05-13 16:03:18 [http-nio-8080-exec-4] DEBUG o.s.w.s.m.m.a.HttpEntityMethodProcessor - Writing [{visitors=[Visitor(id=12, guestName=Hello Doe, mobile=9876543210, flatNumber=A-302, buildingNumber=T (truncated)...]
2025-05-13 16:03:18 [http-nio-8080-exec-4] DEBUG o.s.web.servlet.DispatcherServlet - Completed 200 OK
2025-05-13 16:03:18 [http-nio-8080-exec-5] DEBUG o.s.web.servlet.DispatcherServlet - GET "/user/resident-entry.html?editId=12&token=eyJhbGciOiJIUzUxMiJ9.eyJzdWIiOiI5OTcxNTMwOTY2IiwiaWF0IjoxNzQ3MTMwODY5LCJleHAiOjE3NDcxMzQ0Njl9.x2_DYKFJdogwYtVM0UVm8iGR5e4zT8cA8W9zC-rok9s731IeklctjwQ1dknVS6Vx204Hfh-PnY3jPao2p_hAEg", parameters={masked}
2025-05-13 16:03:18 [http-nio-8080-exec-5] DEBUG o.s.w.s.h.SimpleUrlHandlerMapping - Mapped to ResourceHttpRequestHandler [classpath [META-INF/resources/], classpath [resources/], classpath [static/], classpath [public/], ServletContext [/]]
2025-05-13 16:03:18 [http-nio-8080-exec-5] DEBUG o.s.web.servlet.DispatcherServlet - Completed 200 OK
2025-05-13 16:03:18 [http-nio-8080-exec-6] DEBUG o.s.web.servlet.DispatcherServlet - GET "/api/visitors?id=12", parameters={masked}
2025-05-13 16:03:18 [http-nio-8080-exec-6] TRACE o.s.w.s.m.m.a.RequestMappingHandlerMapping - Mapped to com.example.society.controller.VisitorController#getVisitors(Long, String, String, String, String, int)
2025-05-13 16:03:18 [http-nio-8080-exec-6] DEBUG o.s.w.s.m.m.a.HttpEntityMethodProcessor - Using 'application/json', given [*/*] and supported [application/json, application/*+json]
2025-05-13 16:03:18 [http-nio-8080-exec-6] DEBUG o.s.w.s.m.m.a.HttpEntityMethodProcessor - Writing [{visitors=[Visitor(id=12, guestName=Hello Doe, mobile=9876543210, flatNumber=A-302, buildingNumber=T (truncated)...]
2025-05-13 16:03:18 [http-nio-8080-exec-6] DEBUG o.s.web.servlet.DispatcherServlet - Completed 200 OK
2025-05-13 16:03:26 [http-nio-8080-exec-7] DEBUG o.s.web.servlet.DispatcherServlet - GET "/user/visitors-listing.html?token=eyJhbGciOiJIUzUxMiJ9.eyJzdWIiOiI5OTcxNTMwOTY2IiwiaWF0IjoxNzQ3MTMwODY5LCJleHAiOjE3NDcxMzQ0Njl9.x2_DYKFJdogwYtVM0UVm8iGR5e4zT8cA8W9zC-rok9s731IeklctjwQ1dknVS6Vx204Hfh-PnY3jPao2p_hAEg", parameters={masked}
2025-05-13 16:03:26 [http-nio-8080-exec-7] DEBUG o.s.w.s.h.SimpleUrlHandlerMapping - Mapped to ResourceHttpRequestHandler [classpath [META-INF/resources/], classpath [resources/], classpath [static/], classpath [public/], ServletContext [/]]
2025-05-13 16:03:26 [http-nio-8080-exec-7] DEBUG o.s.web.servlet.DispatcherServlet - Completed 200 OK
2025-05-13 16:03:26 [http-nio-8080-exec-8] DEBUG o.s.web.servlet.DispatcherServlet - GET "/api/visitors?page=0", parameters={masked}
2025-05-13 16:03:26 [http-nio-8080-exec-8] TRACE o.s.w.s.m.m.a.RequestMappingHandlerMapping - Mapped to com.example.society.controller.VisitorController#getVisitors(Long, String, String, String, String, int)
2025-05-13 16:03:26 [http-nio-8080-exec-8] DEBUG o.s.w.s.m.m.a.HttpEntityMethodProcessor - Using 'application/json', given [*/*] and supported [application/json, application/*+json]
2025-05-13 16:03:26 [http-nio-8080-exec-8] DEBUG o.s.w.s.m.m.a.HttpEntityMethodProcessor - Writing [{visitors=[Visitor(id=17, guestName=hello, mobile=9971530966, flatNumber=fgdsgf, buildingNumber=gsdg (truncated)...]
2025-05-13 16:03:26 [http-nio-8080-exec-8] DEBUG o.s.web.servlet.DispatcherServlet - Completed 200 OK
2025-05-13 16:03:29 [http-nio-8080-exec-9] DEBUG o.s.web.servlet.DispatcherServlet - GET "/api/visitors?page=1", parameters={masked}
2025-05-13 16:03:29 [http-nio-8080-exec-9] TRACE o.s.w.s.m.m.a.RequestMappingHandlerMapping - Mapped to com.example.society.controller.VisitorController#getVisitors(Long, String, String, String, String, int)
2025-05-13 16:03:29 [http-nio-8080-exec-9] DEBUG o.s.w.s.m.m.a.HttpEntityMethodProcessor - Using 'application/json', given [*/*] and supported [application/json, application/*+json]
2025-05-13 16:03:29 [http-nio-8080-exec-9] DEBUG o.s.w.s.m.m.a.HttpEntityMethodProcessor - Writing [{visitors=[Visitor(id=7, guestName=fsadfsa, mobile=9971530966, flatNumber=fgdsgf, buildingNumber=gsd (truncated)...]
2025-05-13 16:03:29 [http-nio-8080-exec-9] DEBUG o.s.web.servlet.DispatcherServlet - Completed 200 OK
2025-05-13 16:03:37 [http-nio-8080-exec-10] DEBUG o.s.web.servlet.DispatcherServlet - GET "/api/visitors?page=0", parameters={masked}
2025-05-13 16:03:37 [http-nio-8080-exec-10] TRACE o.s.w.s.m.m.a.RequestMappingHandlerMapping - Mapped to com.example.society.controller.VisitorController#getVisitors(Long, String, String, String, String, int)
2025-05-13 16:03:37 [http-nio-8080-exec-10] DEBUG o.s.w.s.m.m.a.HttpEntityMethodProcessor - Using 'application/json', given [*/*] and supported [application/json, application/*+json]
2025-05-13 16:03:37 [http-nio-8080-exec-10] DEBUG o.s.w.s.m.m.a.HttpEntityMethodProcessor - Writing [{visitors=[Visitor(id=17, guestName=hello, mobile=9971530966, flatNumber=fgdsgf, buildingNumber=gsdg (truncated)...]
2025-05-13 16:03:37 [http-nio-8080-exec-10] DEBUG o.s.web.servlet.DispatcherServlet - Completed 200 OK
2025-05-13 16:11:35 [SpringApplicationShutdownHook] INFO  o.s.b.w.e.tomcat.GracefulShutdown - Commencing graceful shutdown. Waiting for active requests to complete
2025-05-13 16:11:35 [tomcat-shutdown] INFO  o.s.b.w.e.tomcat.GracefulShutdown - Graceful shutdown complete
2025-05-13 16:11:35 [SpringApplicationShutdownHook] INFO  o.s.o.j.LocalContainerEntityManagerFactoryBean - Closing JPA EntityManagerFactory for persistence unit 'default'
2025-05-13 16:11:35 [SpringApplicationShutdownHook] INFO  com.zaxxer.hikari.HikariDataSource - HikariPool-1 - Shutdown initiated...
2025-05-13 16:11:35 [SpringApplicationShutdownHook] INFO  com.zaxxer.hikari.HikariDataSource - HikariPool-1 - Shutdown completed.
